The target system is: iOS -  - 
The host system is: Darwin - 21.2.0 - x86_64
Compiling the C compiler identification source file "CMakeCCompilerId.c" succeeded.
Compiler:  
Build flags: 
Id flags:  

The output was:
0
2022-07-08 23:55:41.933 xcodebuild[65519:1426322] Requested but did not find extension point with identifier Xcode.IDEKit.ExtensionSentinelHostApplications for extension Xcode.DebuggerFoundation.AppExtensionHosts.watchOS of plug-in com.apple.dt.IDEWatchSupportCore
2022-07-08 23:55:41.934 xcodebuild[65519:1426322] Requested but did not find extension point with identifier Xcode.IDEKit.ExtensionPointIdentifierToBundleIdentifier for extension Xcode.DebuggerFoundation.AppExtensionToBundleIdentifierMap.watchOS of plug-in com.apple.dt.IDEWatchSupportCore
Command line invocation:
    /Applications/Xcode.app/Contents/Developer/usr/bin/xcodebuild

User defaults from command line:
    IDEPackageSupportUseBuiltinSCM = YES

note: Using new build system
note: Planning
Analyze workspace

Create build description
Build description signature: 5dadb704ffa9d36694390095de3323ec
Build description path: /Users/alexandr_broslavsky/Desktop/c++/NewGame/MyGame/BuildMyGame/CMakeFiles/3.22.1/CompilerIdC/./XCBuildData/5dadb704ffa9d36694390095de3323ec-desc.xcbuild

note: Build preparation complete
warning: Building targets in manual order is deprecated - check "Parallelize build for command-line builds" in the project editor, or set DISABLE_MANUAL_TARGET_ORDER_BUILD_WARNING in any of the targets in the current build to suppress this warning
CreateBuildDirectory /Users/alexandr_broslavsky/Desktop/c++/NewGame/MyGame/BuildMyGame/CMakeFiles/3.22.1/CompilerIdC
    cd /Users/alexandr_broslavsky/Desktop/c++/NewGame/MyGame/BuildMyGame/CMakeFiles/3.22.1/CompilerIdC/CompilerIdC.xcodeproj
    builtin-create-build-directory /Users/alexandr_broslavsky/Desktop/c++/NewGame/MyGame/BuildMyGame/CMakeFiles/3.22.1/CompilerIdC

warning: Traditional headermap style is no longer supported; please migrate to using separate headermaps and set 'ALWAYS_SEARCH_USER_PATHS' to NO. (in target 'CompilerIdC' from project 'CompilerIdC')
MkDir /Users/alexandr_broslavsky/Desktop/c++/NewGame/MyGame/BuildMyGame/CMakeFiles/3.22.1/CompilerIdC/CompilerIdC.xctest (in target 'CompilerIdC' from project 'CompilerIdC')
    cd /Users/alexandr_broslavsky/Desktop/c++/NewGame/MyGame/BuildMyGame/CMakeFiles/3.22.1/CompilerIdC
    /bin/mkdir -p /Users/alexandr_broslavsky/Desktop/c++/NewGame/MyGame/BuildMyGame/CMakeFiles/3.22.1/CompilerIdC/CompilerIdC.xctest

WriteAuxiliaryFile /Users/alexandr_broslavsky/Desktop/c++/NewGame/MyGame/BuildMyGame/CMakeFiles/3.22.1/CompilerIdC/CompilerIdC.build/Debug-iphoneos/CompilerIdC.build/all-product-headers.yaml (in target 'CompilerIdC' from project 'CompilerIdC')
    cd /Users/alexandr_broslavsky/Desktop/c++/NewGame/MyGame/BuildMyGame/CMakeFiles/3.22.1/CompilerIdC
    write-file /Users/alexandr_broslavsky/Desktop/c++/NewGame/MyGame/BuildMyGame/CMakeFiles/3.22.1/CompilerIdC/CompilerIdC.build/Debug-iphoneos/CompilerIdC.build/all-product-headers.yaml

WriteAuxiliaryFile /Users/alexandr_broslavsky/Desktop/c++/NewGame/MyGame/BuildMyGame/CMakeFiles/3.22.1/CompilerIdC/CompilerIdC.build/Debug-iphoneos/CompilerIdC.build/CompilerIdC.hmap (in target 'CompilerIdC' from project 'CompilerIdC')
    cd /Users/alexandr_broslavsky/Desktop/c++/NewGame/MyGame/BuildMyGame/CMakeFiles/3.22.1/CompilerIdC
    write-file /Users/alexandr_broslavsky/Desktop/c++/NewGame/MyGame/BuildMyGame/CMakeFiles/3.22.1/CompilerIdC/CompilerIdC.build/Debug-iphoneos/CompilerIdC.build/CompilerIdC.hmap

WriteAuxiliaryFile /Users/alexandr_broslavsky/Desktop/c++/NewGame/MyGame/BuildMyGame/CMakeFiles/3.22.1/CompilerIdC/CompilerIdC.build/Debug-iphoneos/CompilerIdC.build/CompilerIdC-own-target-headers.hmap (in target 'CompilerIdC' from project 'CompilerIdC')
    cd /Users/alexandr_broslavsky/Desktop/c++/NewGame/MyGame/BuildMyGame/CMakeFiles/3.22.1/CompilerIdC
    write-file /Users/alexandr_broslavsky/Desktop/c++/NewGame/MyGame/BuildMyGame/CMakeFiles/3.22.1/CompilerIdC/CompilerIdC.build/Debug-iphoneos/CompilerIdC.build/CompilerIdC-own-target-headers.hmap

WriteAuxiliaryFile /Users/alexandr_broslavsky/Desktop/c++/NewGame/MyGame/BuildMyGame/CMakeFiles/3.22.1/CompilerIdC/CompilerIdC.build/Debug-iphoneos/CompilerIdC.build/CompilerIdC-project-headers.hmap (in target 'CompilerIdC' from project 'CompilerIdC')
    cd /Users/alexandr_broslavsky/Desktop/c++/NewGame/MyGame/BuildMyGame/CMakeFiles/3.22.1/CompilerIdC
    write-file /Users/alexandr_broslavsky/Desktop/c++/NewGame/MyGame/BuildMyGame/CMakeFiles/3.22.1/CompilerIdC/CompilerIdC.build/Debug-iphoneos/CompilerIdC.build/CompilerIdC-project-headers.hmap

WriteAuxiliaryFile /Users/alexandr_broslavsky/Desktop/c++/NewGame/MyGame/BuildMyGame/CMakeFiles/3.22.1/CompilerIdC/CompilerIdC.build/Debug-iphoneos/CompilerIdC.build/CompilerIdC-generated-files.hmap (in target 'CompilerIdC' from project 'CompilerIdC')
    cd /Users/alexandr_broslavsky/Desktop/c++/NewGame/MyGame/BuildMyGame/CMakeFiles/3.22.1/CompilerIdC
    write-file /Users/alexandr_broslavsky/Desktop/c++/NewGame/MyGame/BuildMyGame/CMakeFiles/3.22.1/CompilerIdC/CompilerIdC.build/Debug-iphoneos/CompilerIdC.build/CompilerIdC-generated-files.hmap

WriteAuxiliaryFile /Users/alexandr_broslavsky/Desktop/c++/NewGame/MyGame/BuildMyGame/CMakeFiles/3.22.1/CompilerIdC/CompilerIdC.build/Debug-iphoneos/CompilerIdC.build/CompilerIdC-all-target-headers.hmap (in target 'CompilerIdC' from project 'CompilerIdC')
    cd /Users/alexandr_broslavsky/Desktop/c++/NewGame/MyGame/BuildMyGame/CMakeFiles/3.22.1/CompilerIdC
    write-file /Users/alexandr_broslavsky/Desktop/c++/NewGame/MyGame/BuildMyGame/CMakeFiles/3.22.1/CompilerIdC/CompilerIdC.build/Debug-iphoneos/CompilerIdC.build/CompilerIdC-all-target-headers.hmap

WriteAuxiliaryFile /Users/alexandr_broslavsky/Desktop/c++/NewGame/MyGame/BuildMyGame/CMakeFiles/3.22.1/CompilerIdC/CompilerIdC.build/Debug-iphoneos/CompilerIdC.build/CompilerIdC-all-non-framework-target-headers.hmap (in target 'CompilerIdC' from project 'CompilerIdC')
    cd /Users/alexandr_broslavsky/Desktop/c++/NewGame/MyGame/BuildMyGame/CMakeFiles/3.22.1/CompilerIdC
    write-file /Users/alexandr_broslavsky/Desktop/c++/NewGame/MyGame/BuildMyGame/CMakeFiles/3.22.1/CompilerIdC/CompilerIdC.build/Debug-iphoneos/CompilerIdC.build/CompilerIdC-all-non-framework-target-headers.hmap

WriteAuxiliaryFile /Users/alexandr_broslavsky/Desktop/c++/NewGame/MyGame/BuildMyGame/CMakeFiles/3.22.1/CompilerIdC/CompilerIdC.build/Debug-iphoneos/CompilerIdC.build/Objects-normal/arm64/CompilerIdC.LinkFileList (in target 'CompilerIdC' from project 'CompilerIdC')
    cd /Users/alexandr_broslavsky/Desktop/c++/NewGame/MyGame/BuildMyGame/CMakeFiles/3.22.1/CompilerIdC
    write-file /Users/alexandr_broslavsky/Desktop/c++/NewGame/MyGame/BuildMyGame/CMakeFiles/3.22.1/CompilerIdC/CompilerIdC.build/Debug-iphoneos/CompilerIdC.build/Objects-normal/arm64/CompilerIdC.LinkFileList

CompileC /Users/alexandr_broslavsky/Desktop/c++/NewGame/MyGame/BuildMyGame/CMakeFiles/3.22.1/CompilerIdC/CompilerIdC.build/Debug-iphoneos/CompilerIdC.build/Objects-normal/arm64/CMakeCCompilerId.o /Users/alexandr_broslavsky/Desktop/c++/NewGame/MyGame/BuildMyGame/CMakeFiles/3.22.1/CompilerIdC/CMakeCCompilerId.c normal arm64 c com.apple.compilers.llvm.clang.1_0.compiler (in target 'CompilerIdC' from project 'CompilerIdC')
    cd /Users/alexandr_broslavsky/Desktop/c++/NewGame/MyGame/BuildMyGame/CMakeFiles/3.22.1/CompilerIdC
    export LANG\=en_US.US-ASCII
    /Applications/Xcode.app/Contents/Developer/Toolchains/XcodeDefault.xctoolchain/usr/bin/clang -x c -target arm64-apple-ios15.5 -fmessage-length\=0 -fdiagnostics-show-note-include-stack -fmacro-backtrace-limit\=0 -Wno-trigraphs -fpascal-strings -Os -Wno-missing-field-initializers -Wno-missing-prototypes -Wno-return-type -Wno-missing-braces -Wparentheses -Wswitch -Wno-unused-function -Wno-unused-label -Wno-unused-parameter -Wno-unused-variable -Wunused-value -Wno-empty-body -Wno-uninitialized -Wno-unknown-pragmas -Wno-shadow -Wno-four-char-constants -Wno-conversion -Wno-constant-conversion -Wno-int-conversion -Wno-bool-conversion -Wno-enum-conversion -Wno-float-conversion -Wno-non-literal-null-conversion -Wno-objc-literal-conversion -Wshorten-64-to-32 -Wpointer-sign -Wno-newline-eof -isysroot /Applications/Xcode.app/Contents/Developer/Platforms/iPhoneOS.platform/Developer/SDKs/iPhoneOS15.5.sdk -fstrict-aliasing -Wdeprecated-declarations -g -Wno-sign-conversion -Wno-infinite-recursion -Wno-comma -Wno-block-capture-autoreleasing -Wno-strict-prototypes -Wno-semicolon-before-method-body -iquote /Users/alexandr_broslavsky/Desktop/c++/NewGame/MyGame/BuildMyGame/CMakeFiles/3.22.1/CompilerIdC/CompilerIdC.build/Debug-iphoneos/CompilerIdC.build/CompilerIdC-generated-files.hmap -I/Users/alexandr_broslavsky/Desktop/c++/NewGame/MyGame/BuildMyGame/CMakeFiles/3.22.1/CompilerIdC/CompilerIdC.build/Debug-iphoneos/CompilerIdC.build/CompilerIdC-own-target-headers.hmap -I/Users/alexandr_broslavsky/Desktop/c++/NewGame/MyGame/BuildMyGame/CMakeFiles/3.22.1/CompilerIdC/CompilerIdC.build/Debug-iphoneos/CompilerIdC.build/CompilerIdC-all-target-headers.hmap -iquote /Users/alexandr_broslavsky/Desktop/c++/NewGame/MyGame/BuildMyGame/CMakeFiles/3.22.1/CompilerIdC/CompilerIdC.build/Debug-iphoneos/CompilerIdC.build/CompilerIdC-project-headers.hmap -I/Users/alexandr_broslavsky/Desktop/c++/NewGame/MyGame/BuildMyGame/CMakeFiles/3.22.1/CompilerIdC/include -I/Users/alexandr_broslavsky/Desktop/c++/NewGame/MyGame/BuildMyGame/CMakeFiles/3.22.1/CompilerIdC/CompilerIdC.build/Debug-iphoneos/CompilerIdC.build/DerivedSources-normal/arm64 -I/Users/alexandr_broslavsky/Desktop/c++/NewGame/MyGame/BuildMyGame/CMakeFiles/3.22.1/CompilerIdC/CompilerIdC.build/Debug-iphoneos/CompilerIdC.build/DerivedSources/arm64 -I/Users/alexandr_broslavsky/Desktop/c++/NewGame/MyGame/BuildMyGame/CMakeFiles/3.22.1/CompilerIdC/CompilerIdC.build/Debug-iphoneos/CompilerIdC.build/DerivedSources -F/Users/alexandr_broslavsky/Desktop/c++/NewGame/MyGame/BuildMyGame/CMakeFiles/3.22.1/CompilerIdC -iframework /Applications/Xcode.app/Contents/Developer/Platforms/iPhoneOS.platform/Developer/Library/Frameworks -iframework /Applications/Xcode.app/Contents/Developer/Platforms/iPhoneOS.platform/Developer/SDKs/iPhoneOS15.5.sdk/Developer/Library/Frameworks -MMD -MT dependencies -MF /Users/alexandr_broslavsky/Desktop/c++/NewGame/MyGame/BuildMyGame/CMakeFiles/3.22.1/CompilerIdC/CompilerIdC.build/Debug-iphoneos/CompilerIdC.build/Objects-normal/arm64/CMakeCCompilerId.d --serialize-diagnostics /Users/alexandr_broslavsky/Desktop/c++/NewGame/MyGame/BuildMyGame/CMakeFiles/3.22.1/CompilerIdC/CompilerIdC.build/Debug-iphoneos/CompilerIdC.build/Objects-normal/arm64/CMakeCCompilerId.dia -c /Users/alexandr_broslavsky/Desktop/c++/NewGame/MyGame/BuildMyGame/CMakeFiles/3.22.1/CompilerIdC/CMakeCCompilerId.c -o /Users/alexandr_broslavsky/Desktop/c++/NewGame/MyGame/BuildMyGame/CMakeFiles/3.22.1/CompilerIdC/CompilerIdC.build/Debug-iphoneos/CompilerIdC.build/Objects-normal/arm64/CMakeCCompilerId.o

Ld /Users/alexandr_broslavsky/Desktop/c++/NewGame/MyGame/BuildMyGame/CMakeFiles/3.22.1/CompilerIdC/CompilerIdC.xctest/CompilerIdC normal (in target 'CompilerIdC' from project 'CompilerIdC')
    cd /Users/alexandr_broslavsky/Desktop/c++/NewGame/MyGame/BuildMyGame/CMakeFiles/3.22.1/CompilerIdC
    /Applications/Xcode.app/Contents/Developer/Toolchains/XcodeDefault.xctoolchain/usr/bin/clang -target arm64-apple-ios15.5 -bundle -isysroot /Applications/Xcode.app/Contents/Developer/Platforms/iPhoneOS.platform/Developer/SDKs/iPhoneOS15.5.sdk -L/Users/alexandr_broslavsky/Desktop/c++/NewGame/MyGame/BuildMyGame/CMakeFiles/3.22.1/CompilerIdC -L/Applications/Xcode.app/Contents/Developer/Platforms/iPhoneOS.platform/Developer/usr/lib -F/Users/alexandr_broslavsky/Desktop/c++/NewGame/MyGame/BuildMyGame/CMakeFiles/3.22.1/CompilerIdC -iframework /Applications/Xcode.app/Contents/Developer/Platforms/iPhoneOS.platform/Developer/Library/Frameworks -iframework /Applications/Xcode.app/Contents/Developer/Platforms/iPhoneOS.platform/Developer/SDKs/iPhoneOS15.5.sdk/Developer/Library/Frameworks -filelist /Users/alexandr_broslavsky/Desktop/c++/NewGame/MyGame/BuildMyGame/CMakeFiles/3.22.1/CompilerIdC/CompilerIdC.build/Debug-iphoneos/CompilerIdC.build/Objects-normal/arm64/CompilerIdC.LinkFileList -Xlinker -rpath -Xlinker @loader_path/Frameworks -dead_strip -Xlinker -object_path_lto -Xlinker /Users/alexandr_broslavsky/Desktop/c++/NewGame/MyGame/BuildMyGame/CMakeFiles/3.22.1/CompilerIdC/CompilerIdC.build/Debug-iphoneos/CompilerIdC.build/Objects-normal/arm64/CompilerIdC_lto.o -framework XCTest -Xlinker -dependency_info -Xlinker /Users/alexandr_broslavsky/Desktop/c++/NewGame/MyGame/BuildMyGame/CMakeFiles/3.22.1/CompilerIdC/CompilerIdC.build/Debug-iphoneos/CompilerIdC.build/Objects-normal/arm64/CompilerIdC_dependency_info.dat -o /Users/alexandr_broslavsky/Desktop/c++/NewGame/MyGame/BuildMyGame/CMakeFiles/3.22.1/CompilerIdC/CompilerIdC.xctest/CompilerIdC

WriteAuxiliaryFile /Users/alexandr_broslavsky/Desktop/c++/NewGame/MyGame/BuildMyGame/CMakeFiles/3.22.1/CompilerIdC/CompilerIdC.build/Debug-iphoneos/CompilerIdC.build/Script-2C8FEB8E15DC1A1A00E56A5D.sh (in target 'CompilerIdC' from project 'CompilerIdC')
    cd /Users/alexandr_broslavsky/Desktop/c++/NewGame/MyGame/BuildMyGame/CMakeFiles/3.22.1/CompilerIdC
    write-file /Users/alexandr_broslavsky/Desktop/c++/NewGame/MyGame/BuildMyGame/CMakeFiles/3.22.1/CompilerIdC/CompilerIdC.build/Debug-iphoneos/CompilerIdC.build/Script-2C8FEB8E15DC1A1A00E56A5D.sh

GenerateDSYMFile /Users/alexandr_broslavsky/Desktop/c++/NewGame/MyGame/BuildMyGame/CMakeFiles/3.22.1/CompilerIdC/CompilerIdC.xctest.dSYM /Users/alexandr_broslavsky/Desktop/c++/NewGame/MyGame/BuildMyGame/CMakeFiles/3.22.1/CompilerIdC/CompilerIdC.xctest/CompilerIdC (in target 'CompilerIdC' from project 'CompilerIdC')
    cd /Users/alexandr_broslavsky/Desktop/c++/NewGame/MyGame/BuildMyGame/CMakeFiles/3.22.1/CompilerIdC
    /Applications/Xcode.app/Contents/Developer/Toolchains/XcodeDefault.xctoolchain/usr/bin/dsymutil /Users/alexandr_broslavsky/Desktop/c++/NewGame/MyGame/BuildMyGame/CMakeFiles/3.22.1/CompilerIdC/CompilerIdC.xctest/CompilerIdC -o /Users/alexandr_broslavsky/Desktop/c++/NewGame/MyGame/BuildMyGame/CMakeFiles/3.22.1/CompilerIdC/CompilerIdC.xctest.dSYM

PhaseScriptExecution Run\ Script /Users/alexandr_broslavsky/Desktop/c++/NewGame/MyGame/BuildMyGame/CMakeFiles/3.22.1/CompilerIdC/CompilerIdC.build/Debug-iphoneos/CompilerIdC.build/Script-2C8FEB8E15DC1A1A00E56A5D.sh (in target 'CompilerIdC' from project 'CompilerIdC')
    cd /Users/alexandr_broslavsky/Desktop/c++/NewGame/MyGame/BuildMyGame/CMakeFiles/3.22.1/CompilerIdC
    /bin/sh -c /Users/alexandr_broslavsky/Desktop/c++/NewGame/MyGame/BuildMyGame/CMakeFiles/3.22.1/CompilerIdC/CompilerIdC.build/Debug-iphoneos/CompilerIdC.build/Script-2C8FEB8E15DC1A1A00E56A5D.sh
GCC_VERSION=com.apple.compilers.llvm.clang.1_0
ARCHS=arm64

RegisterExecutionPolicyException /Users/alexandr_broslavsky/Desktop/c++/NewGame/MyGame/BuildMyGame/CMakeFiles/3.22.1/CompilerIdC/CompilerIdC.xctest (in target 'CompilerIdC' from project 'CompilerIdC')
    cd /Users/alexandr_broslavsky/Desktop/c++/NewGame/MyGame/BuildMyGame/CMakeFiles/3.22.1/CompilerIdC
    builtin-RegisterExecutionPolicyException /Users/alexandr_broslavsky/Desktop/c++/NewGame/MyGame/BuildMyGame/CMakeFiles/3.22.1/CompilerIdC/CompilerIdC.xctest

Touch /Users/alexandr_broslavsky/Desktop/c++/NewGame/MyGame/BuildMyGame/CMakeFiles/3.22.1/CompilerIdC/CompilerIdC.xctest (in target 'CompilerIdC' from project 'CompilerIdC')
    cd /Users/alexandr_broslavsky/Desktop/c++/NewGame/MyGame/BuildMyGame/CMakeFiles/3.22.1/CompilerIdC
    /usr/bin/touch -c /Users/alexandr_broslavsky/Desktop/c++/NewGame/MyGame/BuildMyGame/CMakeFiles/3.22.1/CompilerIdC/CompilerIdC.xctest

** BUILD SUCCEEDED **



Compilation of the C compiler identification source "CMakeCCompilerId.c" produced "CompilerIdC.xctest/CompilerIdC"

The C compiler identification is AppleClang, found in "/Users/alexandr_broslavsky/Desktop/c++/NewGame/MyGame/BuildMyGame/CMakeFiles/3.22.1/CompilerIdC/CompilerIdC.xctest/CompilerIdC"

Compiling the CXX compiler identification source file "CMakeCXXCompilerId.cpp" succeeded.
Compiler:  
Build flags: 
Id flags:  

The output was:
0
2022-07-08 23:55:45.393 xcodebuild[65540:1426488] Requested but did not find extension point with identifier Xcode.IDEKit.ExtensionSentinelHostApplications for extension Xcode.DebuggerFoundation.AppExtensionHosts.watchOS of plug-in com.apple.dt.IDEWatchSupportCore
2022-07-08 23:55:45.393 xcodebuild[65540:1426488] Requested but did not find extension point with identifier Xcode.IDEKit.ExtensionPointIdentifierToBundleIdentifier for extension Xcode.DebuggerFoundation.AppExtensionToBundleIdentifierMap.watchOS of plug-in com.apple.dt.IDEWatchSupportCore
Command line invocation:
    /Applications/Xcode.app/Contents/Developer/usr/bin/xcodebuild

User defaults from command line:
    IDEPackageSupportUseBuiltinSCM = YES

note: Using new build system
note: Planning
Analyze workspace

Create build description
Build description signature: ee4eab79be1b3c3f3a2187cda17755cb
Build description path: /Users/alexandr_broslavsky/Desktop/c++/NewGame/MyGame/BuildMyGame/CMakeFiles/3.22.1/CompilerIdCXX/./XCBuildData/ee4eab79be1b3c3f3a2187cda17755cb-desc.xcbuild

note: Build preparation complete
warning: Building targets in manual order is deprecated - check "Parallelize build for command-line builds" in the project editor, or set DISABLE_MANUAL_TARGET_ORDER_BUILD_WARNING in any of the targets in the current build to suppress this warning
CreateBuildDirectory /Users/alexandr_broslavsky/Desktop/c++/NewGame/MyGame/BuildMyGame/CMakeFiles/3.22.1/CompilerIdCXX
    cd /Users/alexandr_broslavsky/Desktop/c++/NewGame/MyGame/BuildMyGame/CMakeFiles/3.22.1/CompilerIdCXX/CompilerIdCXX.xcodeproj
    builtin-create-build-directory /Users/alexandr_broslavsky/Desktop/c++/NewGame/MyGame/BuildMyGame/CMakeFiles/3.22.1/CompilerIdCXX

warning: Traditional headermap style is no longer supported; please migrate to using separate headermaps and set 'ALWAYS_SEARCH_USER_PATHS' to NO. (in target 'CompilerIdCXX' from project 'CompilerIdCXX')
MkDir /Users/alexandr_broslavsky/Desktop/c++/NewGame/MyGame/BuildMyGame/CMakeFiles/3.22.1/CompilerIdCXX/CompilerIdCXX.xctest (in target 'CompilerIdCXX' from project 'CompilerIdCXX')
    cd /Users/alexandr_broslavsky/Desktop/c++/NewGame/MyGame/BuildMyGame/CMakeFiles/3.22.1/CompilerIdCXX
    /bin/mkdir -p /Users/alexandr_broslavsky/Desktop/c++/NewGame/MyGame/BuildMyGame/CMakeFiles/3.22.1/CompilerIdCXX/CompilerIdCXX.xctest

WriteAuxiliaryFile /Users/alexandr_broslavsky/Desktop/c++/NewGame/MyGame/BuildMyGame/CMakeFiles/3.22.1/CompilerIdCXX/CompilerIdCXX.build/Debug-iphoneos/CompilerIdCXX.build/CompilerIdCXX-own-target-headers.hmap (in target 'CompilerIdCXX' from project 'CompilerIdCXX')
    cd /Users/alexandr_broslavsky/Desktop/c++/NewGame/MyGame/BuildMyGame/CMakeFiles/3.22.1/CompilerIdCXX
    write-file /Users/alexandr_broslavsky/Desktop/c++/NewGame/MyGame/BuildMyGame/CMakeFiles/3.22.1/CompilerIdCXX/CompilerIdCXX.build/Debug-iphoneos/CompilerIdCXX.build/CompilerIdCXX-own-target-headers.hmap

WriteAuxiliaryFile /Users/alexandr_broslavsky/Desktop/c++/NewGame/MyGame/BuildMyGame/CMakeFiles/3.22.1/CompilerIdCXX/CompilerIdCXX.build/Debug-iphoneos/CompilerIdCXX.build/CompilerIdCXX.hmap (in target 'CompilerIdCXX' from project 'CompilerIdCXX')
    cd /Users/alexandr_broslavsky/Desktop/c++/NewGame/MyGame/BuildMyGame/CMakeFiles/3.22.1/CompilerIdCXX
    write-file /Users/alexandr_broslavsky/Desktop/c++/NewGame/MyGame/BuildMyGame/CMakeFiles/3.22.1/CompilerIdCXX/CompilerIdCXX.build/Debug-iphoneos/CompilerIdCXX.build/CompilerIdCXX.hmap

WriteAuxiliaryFile /Users/alexandr_broslavsky/Desktop/c++/NewGame/MyGame/BuildMyGame/CMakeFiles/3.22.1/CompilerIdCXX/CompilerIdCXX.build/Debug-iphoneos/CompilerIdCXX.build/CompilerIdCXX-project-headers.hmap (in target 'CompilerIdCXX' from project 'CompilerIdCXX')
    cd /Users/alexandr_broslavsky/Desktop/c++/NewGame/MyGame/BuildMyGame/CMakeFiles/3.22.1/CompilerIdCXX
    write-file /Users/alexandr_broslavsky/Desktop/c++/NewGame/MyGame/BuildMyGame/CMakeFiles/3.22.1/CompilerIdCXX/CompilerIdCXX.build/Debug-iphoneos/CompilerIdCXX.build/CompilerIdCXX-project-headers.hmap

WriteAuxiliaryFile /Users/alexandr_broslavsky/Desktop/c++/NewGame/MyGame/BuildMyGame/CMakeFiles/3.22.1/CompilerIdCXX/CompilerIdCXX.build/Debug-iphoneos/CompilerIdCXX.build/all-product-headers.yaml (in target 'CompilerIdCXX' from project 'CompilerIdCXX')
    cd /Users/alexandr_broslavsky/Desktop/c++/NewGame/MyGame/BuildMyGame/CMakeFiles/3.22.1/CompilerIdCXX
    write-file /Users/alexandr_broslavsky/Desktop/c++/NewGame/MyGame/BuildMyGame/CMakeFiles/3.22.1/CompilerIdCXX/CompilerIdCXX.build/Debug-iphoneos/CompilerIdCXX.build/all-product-headers.yaml

WriteAuxiliaryFile /Users/alexandr_broslavsky/Desktop/c++/NewGame/MyGame/BuildMyGame/CMakeFiles/3.22.1/CompilerIdCXX/CompilerIdCXX.build/Debug-iphoneos/CompilerIdCXX.build/CompilerIdCXX-generated-files.hmap (in target 'CompilerIdCXX' from project 'CompilerIdCXX')
    cd /Users/alexandr_broslavsky/Desktop/c++/NewGame/MyGame/BuildMyGame/CMakeFiles/3.22.1/CompilerIdCXX
    write-file /Users/alexandr_broslavsky/Desktop/c++/NewGame/MyGame/BuildMyGame/CMakeFiles/3.22.1/CompilerIdCXX/CompilerIdCXX.build/Debug-iphoneos/CompilerIdCXX.build/CompilerIdCXX-generated-files.hmap

WriteAuxiliaryFile /Users/alexandr_broslavsky/Desktop/c++/NewGame/MyGame/BuildMyGame/CMakeFiles/3.22.1/CompilerIdCXX/CompilerIdCXX.build/Debug-iphoneos/CompilerIdCXX.build/CompilerIdCXX-all-target-headers.hmap (in target 'CompilerIdCXX' from project 'CompilerIdCXX')
    cd /Users/alexandr_broslavsky/Desktop/c++/NewGame/MyGame/BuildMyGame/CMakeFiles/3.22.1/CompilerIdCXX
    write-file /Users/alexandr_broslavsky/Desktop/c++/NewGame/MyGame/BuildMyGame/CMakeFiles/3.22.1/CompilerIdCXX/CompilerIdCXX.build/Debug-iphoneos/CompilerIdCXX.build/CompilerIdCXX-all-target-headers.hmap

WriteAuxiliaryFile /Users/alexandr_broslavsky/Desktop/c++/NewGame/MyGame/BuildMyGame/CMakeFiles/3.22.1/CompilerIdCXX/CompilerIdCXX.build/Debug-iphoneos/CompilerIdCXX.build/CompilerIdCXX-all-non-framework-target-headers.hmap (in target 'CompilerIdCXX' from project 'CompilerIdCXX')
    cd /Users/alexandr_broslavsky/Desktop/c++/NewGame/MyGame/BuildMyGame/CMakeFiles/3.22.1/CompilerIdCXX
    write-file /Users/alexandr_broslavsky/Desktop/c++/NewGame/MyGame/BuildMyGame/CMakeFiles/3.22.1/CompilerIdCXX/CompilerIdCXX.build/Debug-iphoneos/CompilerIdCXX.build/CompilerIdCXX-all-non-framework-target-headers.hmap

CompileC /Users/alexandr_broslavsky/Desktop/c++/NewGame/MyGame/BuildMyGame/CMakeFiles/3.22.1/CompilerIdCXX/CompilerIdCXX.build/Debug-iphoneos/CompilerIdCXX.build/Objects-normal/arm64/CMakeCXXCompilerId.o /Users/alexandr_broslavsky/Desktop/c++/NewGame/MyGame/BuildMyGame/CMakeFiles/3.22.1/CompilerIdCXX/CMakeCXXCompilerId.cpp normal arm64 c++ com.apple.compilers.llvm.clang.1_0.compiler (in target 'CompilerIdCXX' from project 'CompilerIdCXX')
    cd /Users/alexandr_broslavsky/Desktop/c++/NewGame/MyGame/BuildMyGame/CMakeFiles/3.22.1/CompilerIdCXX
    export LANG\=en_US.US-ASCII
    /Applications/Xcode.app/Contents/Developer/Toolchains/XcodeDefault.xctoolchain/usr/bin/clang -x c++ -target arm64-apple-ios15.5 -fmessage-length\=0 -fdiagnostics-show-note-include-stack -fmacro-backtrace-limit\=0 -Wno-trigraphs -fpascal-strings -Os -Wno-missing-field-initializers -Wno-missing-prototypes -Wno-return-type -Wno-non-virtual-dtor -Wno-overloaded-virtual -Wno-exit-time-destructors -Wno-missing-braces -Wparentheses -Wswitch -Wno-unused-function -Wno-unused-label -Wno-unused-parameter -Wno-unused-variable -Wunused-value -Wno-empty-body -Wno-uninitialized -Wno-unknown-pragmas -Wno-shadow -Wno-four-char-constants -Wno-conversion -Wno-constant-conversion -Wno-int-conversion -Wno-bool-conversion -Wno-enum-conversion -Wno-float-conversion -Wno-non-literal-null-conversion -Wno-objc-literal-conversion -Wshorten-64-to-32 -Wno-newline-eof -Wno-c++11-extensions -isysroot /Applications/Xcode.app/Contents/Developer/Platforms/iPhoneOS.platform/Developer/SDKs/iPhoneOS15.5.sdk -fstrict-aliasing -Wdeprecated-declarations -Winvalid-offsetof -g -fvisibility-inlines-hidden -Wno-sign-conversion -Wno-infinite-recursion -Wno-move -Wno-comma -Wno-block-capture-autoreleasing -Wno-strict-prototypes -Wno-range-loop-analysis -Wno-semicolon-before-method-body -iquote /Users/alexandr_broslavsky/Desktop/c++/NewGame/MyGame/BuildMyGame/CMakeFiles/3.22.1/CompilerIdCXX/CompilerIdCXX.build/Debug-iphoneos/CompilerIdCXX.build/CompilerIdCXX-generated-files.hmap -I/Users/alexandr_broslavsky/Desktop/c++/NewGame/MyGame/BuildMyGame/CMakeFiles/3.22.1/CompilerIdCXX/CompilerIdCXX.build/Debug-iphoneos/CompilerIdCXX.build/CompilerIdCXX-own-target-headers.hmap -I/Users/alexandr_broslavsky/Desktop/c++/NewGame/MyGame/BuildMyGame/CMakeFiles/3.22.1/CompilerIdCXX/CompilerIdCXX.build/Debug-iphoneos/CompilerIdCXX.build/CompilerIdCXX-all-target-headers.hmap -iquote /Users/alexandr_broslavsky/Desktop/c++/NewGame/MyGame/BuildMyGame/CMakeFiles/3.22.1/CompilerIdCXX/CompilerIdCXX.build/Debug-iphoneos/CompilerIdCXX.build/CompilerIdCXX-project-headers.hmap -I/Users/alexandr_broslavsky/Desktop/c++/NewGame/MyGame/BuildMyGame/CMakeFiles/3.22.1/CompilerIdCXX/include -I/Users/alexandr_broslavsky/Desktop/c++/NewGame/MyGame/BuildMyGame/CMakeFiles/3.22.1/CompilerIdCXX/CompilerIdCXX.build/Debug-iphoneos/CompilerIdCXX.build/DerivedSources-normal/arm64 -I/Users/alexandr_broslavsky/Desktop/c++/NewGame/MyGame/BuildMyGame/CMakeFiles/3.22.1/CompilerIdCXX/CompilerIdCXX.build/Debug-iphoneos/CompilerIdCXX.build/DerivedSources/arm64 -I/Users/alexandr_broslavsky/Desktop/c++/NewGame/MyGame/BuildMyGame/CMakeFiles/3.22.1/CompilerIdCXX/CompilerIdCXX.build/Debug-iphoneos/CompilerIdCXX.build/DerivedSources -F/Users/alexandr_broslavsky/Desktop/c++/NewGame/MyGame/BuildMyGame/CMakeFiles/3.22.1/CompilerIdCXX -iframework /Applications/Xcode.app/Contents/Developer/Platforms/iPhoneOS.platform/Developer/Library/Frameworks -iframework /Applications/Xcode.app/Contents/Developer/Platforms/iPhoneOS.platform/Developer/SDKs/iPhoneOS15.5.sdk/Developer/Library/Frameworks -MMD -MT dependencies -MF /Users/alexandr_broslavsky/Desktop/c++/NewGame/MyGame/BuildMyGame/CMakeFiles/3.22.1/CompilerIdCXX/CompilerIdCXX.build/Debug-iphoneos/CompilerIdCXX.build/Objects-normal/arm64/CMakeCXXCompilerId.d --serialize-diagnostics /Users/alexandr_broslavsky/Desktop/c++/NewGame/MyGame/BuildMyGame/CMakeFiles/3.22.1/CompilerIdCXX/CompilerIdCXX.build/Debug-iphoneos/CompilerIdCXX.build/Objects-normal/arm64/CMakeCXXCompilerId.dia -c /Users/alexandr_broslavsky/Desktop/c++/NewGame/MyGame/BuildMyGame/CMakeFiles/3.22.1/CompilerIdCXX/CMakeCXXCompilerId.cpp -o /Users/alexandr_broslavsky/Desktop/c++/NewGame/MyGame/BuildMyGame/CMakeFiles/3.22.1/CompilerIdCXX/CompilerIdCXX.build/Debug-iphoneos/CompilerIdCXX.build/Objects-normal/arm64/CMakeCXXCompilerId.o

WriteAuxiliaryFile /Users/alexandr_broslavsky/Desktop/c++/NewGame/MyGame/BuildMyGame/CMakeFiles/3.22.1/CompilerIdCXX/CompilerIdCXX.build/Debug-iphoneos/CompilerIdCXX.build/Objects-normal/arm64/CompilerIdCXX.LinkFileList (in target 'CompilerIdCXX' from project 'CompilerIdCXX')
    cd /Users/alexandr_broslavsky/Desktop/c++/NewGame/MyGame/BuildMyGame/CMakeFiles/3.22.1/CompilerIdCXX
    write-file /Users/alexandr_broslavsky/Desktop/c++/NewGame/MyGame/BuildMyGame/CMakeFiles/3.22.1/CompilerIdCXX/CompilerIdCXX.build/Debug-iphoneos/CompilerIdCXX.build/Objects-normal/arm64/CompilerIdCXX.LinkFileList

Ld /Users/alexandr_broslavsky/Desktop/c++/NewGame/MyGame/BuildMyGame/CMakeFiles/3.22.1/CompilerIdCXX/CompilerIdCXX.xctest/CompilerIdCXX normal (in target 'CompilerIdCXX' from project 'CompilerIdCXX')
    cd /Users/alexandr_broslavsky/Desktop/c++/NewGame/MyGame/BuildMyGame/CMakeFiles/3.22.1/CompilerIdCXX
    /Applications/Xcode.app/Contents/Developer/Toolchains/XcodeDefault.xctoolchain/usr/bin/clang++ -target arm64-apple-ios15.5 -bundle -isysroot /Applications/Xcode.app/Contents/Developer/Platforms/iPhoneOS.platform/Developer/SDKs/iPhoneOS15.5.sdk -L/Users/alexandr_broslavsky/Desktop/c++/NewGame/MyGame/BuildMyGame/CMakeFiles/3.22.1/CompilerIdCXX -L/Applications/Xcode.app/Contents/Developer/Platforms/iPhoneOS.platform/Developer/usr/lib -F/Users/alexandr_broslavsky/Desktop/c++/NewGame/MyGame/BuildMyGame/CMakeFiles/3.22.1/CompilerIdCXX -iframework /Applications/Xcode.app/Contents/Developer/Platforms/iPhoneOS.platform/Developer/Library/Frameworks -iframework /Applications/Xcode.app/Contents/Developer/Platforms/iPhoneOS.platform/Developer/SDKs/iPhoneOS15.5.sdk/Developer/Library/Frameworks -filelist /Users/alexandr_broslavsky/Desktop/c++/NewGame/MyGame/BuildMyGame/CMakeFiles/3.22.1/CompilerIdCXX/CompilerIdCXX.build/Debug-iphoneos/CompilerIdCXX.build/Objects-normal/arm64/CompilerIdCXX.LinkFileList -Xlinker -rpath -Xlinker @loader_path/Frameworks -dead_strip -Xlinker -object_path_lto -Xlinker /Users/alexandr_broslavsky/Desktop/c++/NewGame/MyGame/BuildMyGame/CMakeFiles/3.22.1/CompilerIdCXX/CompilerIdCXX.build/Debug-iphoneos/CompilerIdCXX.build/Objects-normal/arm64/CompilerIdCXX_lto.o -framework XCTest -Xlinker -dependency_info -Xlinker /Users/alexandr_broslavsky/Desktop/c++/NewGame/MyGame/BuildMyGame/CMakeFiles/3.22.1/CompilerIdCXX/CompilerIdCXX.build/Debug-iphoneos/CompilerIdCXX.build/Objects-normal/arm64/CompilerIdCXX_dependency_info.dat -o /Users/alexandr_broslavsky/Desktop/c++/NewGame/MyGame/BuildMyGame/CMakeFiles/3.22.1/CompilerIdCXX/CompilerIdCXX.xctest/CompilerIdCXX

WriteAuxiliaryFile /Users/alexandr_broslavsky/Desktop/c++/NewGame/MyGame/BuildMyGame/CMakeFiles/3.22.1/CompilerIdCXX/CompilerIdCXX.build/Debug-iphoneos/CompilerIdCXX.build/Script-2C8FEB8E15DC1A1A00E56A5D.sh (in target 'CompilerIdCXX' from project 'CompilerIdCXX')
    cd /Users/alexandr_broslavsky/Desktop/c++/NewGame/MyGame/BuildMyGame/CMakeFiles/3.22.1/CompilerIdCXX
    write-file /Users/alexandr_broslavsky/Desktop/c++/NewGame/MyGame/BuildMyGame/CMakeFiles/3.22.1/CompilerIdCXX/CompilerIdCXX.build/Debug-iphoneos/CompilerIdCXX.build/Script-2C8FEB8E15DC1A1A00E56A5D.sh

GenerateDSYMFile /Users/alexandr_broslavsky/Desktop/c++/NewGame/MyGame/BuildMyGame/CMakeFiles/3.22.1/CompilerIdCXX/CompilerIdCXX.xctest.dSYM /Users/alexandr_broslavsky/Desktop/c++/NewGame/MyGame/BuildMyGame/CMakeFiles/3.22.1/CompilerIdCXX/CompilerIdCXX.xctest/CompilerIdCXX (in target 'CompilerIdCXX' from project 'CompilerIdCXX')
    cd /Users/alexandr_broslavsky/Desktop/c++/NewGame/MyGame/BuildMyGame/CMakeFiles/3.22.1/CompilerIdCXX
    /Applications/Xcode.app/Contents/Developer/Toolchains/XcodeDefault.xctoolchain/usr/bin/dsymutil /Users/alexandr_broslavsky/Desktop/c++/NewGame/MyGame/BuildMyGame/CMakeFiles/3.22.1/CompilerIdCXX/CompilerIdCXX.xctest/CompilerIdCXX -o /Users/alexandr_broslavsky/Desktop/c++/NewGame/MyGame/BuildMyGame/CMakeFiles/3.22.1/CompilerIdCXX/CompilerIdCXX.xctest.dSYM

PhaseScriptExecution Run\ Script /Users/alexandr_broslavsky/Desktop/c++/NewGame/MyGame/BuildMyGame/CMakeFiles/3.22.1/CompilerIdCXX/CompilerIdCXX.build/Debug-iphoneos/CompilerIdCXX.build/Script-2C8FEB8E15DC1A1A00E56A5D.sh (in target 'CompilerIdCXX' from project 'CompilerIdCXX')
    cd /Users/alexandr_broslavsky/Desktop/c++/NewGame/MyGame/BuildMyGame/CMakeFiles/3.22.1/CompilerIdCXX
    /bin/sh -c /Users/alexandr_broslavsky/Desktop/c++/NewGame/MyGame/BuildMyGame/CMakeFiles/3.22.1/CompilerIdCXX/CompilerIdCXX.build/Debug-iphoneos/CompilerIdCXX.build/Script-2C8FEB8E15DC1A1A00E56A5D.sh
GCC_VERSION=com.apple.compilers.llvm.clang.1_0
ARCHS=arm64

RegisterExecutionPolicyException /Users/alexandr_broslavsky/Desktop/c++/NewGame/MyGame/BuildMyGame/CMakeFiles/3.22.1/CompilerIdCXX/CompilerIdCXX.xctest (in target 'CompilerIdCXX' from project 'CompilerIdCXX')
    cd /Users/alexandr_broslavsky/Desktop/c++/NewGame/MyGame/BuildMyGame/CMakeFiles/3.22.1/CompilerIdCXX
    builtin-RegisterExecutionPolicyException /Users/alexandr_broslavsky/Desktop/c++/NewGame/MyGame/BuildMyGame/CMakeFiles/3.22.1/CompilerIdCXX/CompilerIdCXX.xctest

Touch /Users/alexandr_broslavsky/Desktop/c++/NewGame/MyGame/BuildMyGame/CMakeFiles/3.22.1/CompilerIdCXX/CompilerIdCXX.xctest (in target 'CompilerIdCXX' from project 'CompilerIdCXX')
    cd /Users/alexandr_broslavsky/Desktop/c++/NewGame/MyGame/BuildMyGame/CMakeFiles/3.22.1/CompilerIdCXX
    /usr/bin/touch -c /Users/alexandr_broslavsky/Desktop/c++/NewGame/MyGame/BuildMyGame/CMakeFiles/3.22.1/CompilerIdCXX/CompilerIdCXX.xctest

** BUILD SUCCEEDED **



Compilation of the CXX compiler identification source "CMakeCXXCompilerId.cpp" produced "CompilerIdCXX.xctest/CompilerIdCXX"

The CXX compiler identification is AppleClang, found in "/Users/alexandr_broslavsky/Desktop/c++/NewGame/MyGame/BuildMyGame/CMakeFiles/3.22.1/CompilerIdCXX/CompilerIdCXX.xctest/CompilerIdCXX"

Detecting C compiler ABI info compiled with the following output:
Change Dir: /Users/alexandr_broslavsky/Desktop/c++/NewGame/MyGame/BuildMyGame/CMakeFiles/CMakeTmp

Run Build Command(s):/usr/bin/xcodebuild -project CMAKE_TRY_COMPILE.xcodeproj build -target cmTC_732b7 -parallelizeTargets -configuration Debug -hideShellScriptEnvironment && 2022-07-08 23:55:48.100 xcodebuild[65562:1426678] Requested but did not find extension point with identifier Xcode.IDEKit.ExtensionSentinelHostApplications for extension Xcode.DebuggerFoundation.AppExtensionHosts.watchOS of plug-in com.apple.dt.IDEWatchSupportCore
2022-07-08 23:55:48.100 xcodebuild[65562:1426678] Requested but did not find extension point with identifier Xcode.IDEKit.ExtensionPointIdentifierToBundleIdentifier for extension Xcode.DebuggerFoundation.AppExtensionToBundleIdentifierMap.watchOS of plug-in com.apple.dt.IDEWatchSupportCore
Command line invocation:
    /Applications/Xcode.app/Contents/Developer/usr/bin/xcodebuild -project CMAKE_TRY_COMPILE.xcodeproj build -target cmTC_732b7 -parallelizeTargets -configuration Debug -hideShellScriptEnvironment

User defaults from command line:
    HideShellScriptEnvironment = YES
    IDEPackageSupportUseBuiltinSCM = YES

note: Using new build system
note: Planning
Analyze workspace

Create build description
Build description signature: efdea97c35f71d6ad4f31e189ce111af
Build description path: /Users/alexandr_broslavsky/Desktop/c++/NewGame/MyGame/BuildMyGame/CMakeFiles/CMakeTmp/build/XCBuildData/efdea97c35f71d6ad4f31e189ce111af-desc.xcbuild

note: Build preparation complete
note: Building targets in dependency order
CreateBuildDirectory /Users/alexandr_broslavsky/Desktop/c++/NewGame/MyGame/BuildMyGame/CMakeFiles/CMakeTmp
    cd /Users/alexandr_broslavsky/Desktop/c++/NewGame/MyGame/BuildMyGame/CMakeFiles/CMakeTmp/CMAKE_TRY_COMPILE.xcodeproj
    builtin-create-build-directory /Users/alexandr_broslavsky/Desktop/c++/NewGame/MyGame/BuildMyGame/CMakeFiles/CMakeTmp

CreateBuildDirectory /Users/alexandr_broslavsky/Desktop/c++/NewGame/MyGame/BuildMyGame/CMakeFiles/CMakeTmp/Debug
    cd /Users/alexandr_broslavsky/Desktop/c++/NewGame/MyGame/BuildMyGame/CMakeFiles/CMakeTmp/CMAKE_TRY_COMPILE.xcodeproj
    builtin-create-build-directory /Users/alexandr_broslavsky/Desktop/c++/NewGame/MyGame/BuildMyGame/CMakeFiles/CMakeTmp/Debug

WriteAuxiliaryFile /Users/alexandr_broslavsky/Desktop/c++/NewGame/MyGame/BuildMyGame/CMakeFiles/CMakeTmp/CMAKE_TRY_COMPILE.build/Debug-iphoneos/cmTC_732b7.build/Objects-normal/arm64/cmTC_732b7.LinkFileList (in target 'cmTC_732b7' from project 'CMAKE_TRY_COMPILE')
    cd /Users/alexandr_broslavsky/Desktop/c++/NewGame/MyGame/BuildMyGame/CMakeFiles/CMakeTmp
    write-file /Users/alexandr_broslavsky/Desktop/c++/NewGame/MyGame/BuildMyGame/CMakeFiles/CMakeTmp/CMAKE_TRY_COMPILE.build/Debug-iphoneos/cmTC_732b7.build/Objects-normal/arm64/cmTC_732b7.LinkFileList

CompileC /Users/alexandr_broslavsky/Desktop/c++/NewGame/MyGame/BuildMyGame/CMakeFiles/CMakeTmp/CMAKE_TRY_COMPILE.build/Debug-iphoneos/cmTC_732b7.build/Objects-normal/arm64/CMakeCCompilerABI.o /usr/local/Cellar/cmake/3.22.1/share/cmake/Modules/CMakeCCompilerABI.c normal arm64 c com.apple.compilers.llvm.clang.1_0.compiler (in target 'cmTC_732b7' from project 'CMAKE_TRY_COMPILE')
    cd /Users/alexandr_broslavsky/Desktop/c++/NewGame/MyGame/BuildMyGame/CMakeFiles/CMakeTmp
    /Applications/Xcode.app/Contents/Developer/Toolchains/XcodeDefault.xctoolchain/usr/bin/clang -x c -target arm64-apple-ios15.5 -fmessage-length\=0 -fdiagnostics-show-note-include-stack -fmacro-backtrace-limit\=0 -Wno-trigraphs -fpascal-strings -O0 -Wno-missing-field-initializers -Wno-missing-prototypes -Wno-return-type -Wno-missing-braces -Wparentheses -Wswitch -Wno-unused-function -Wno-unused-label -Wno-unused-parameter -Wno-unused-variable -Wunused-value -Wno-empty-body -Wno-uninitialized -Wno-unknown-pragmas -Wno-shadow -Wno-four-char-constants -Wno-conversion -Wno-constant-conversion -Wno-int-conversion -Wno-bool-conversion -Wno-enum-conversion -Wno-float-conversion -Wno-non-literal-null-conversion -Wno-objc-literal-conversion -Wshorten-64-to-32 -Wpointer-sign -Wno-newline-eof -DCMAKE_INTDIR\=\"Debug-iphoneos\" -isysroot /Applications/Xcode.app/Contents/Developer/Platforms/iPhoneOS.platform/Developer/SDKs/iPhoneOS15.5.sdk -fstrict-aliasing -Wdeprecated-declarations -g -Wno-sign-conversion -Wno-infinite-recursion -Wno-comma -Wno-block-capture-autoreleasing -Wno-strict-prototypes -Wno-semicolon-before-method-body -fembed-bitcode-marker -I/Users/alexandr_broslavsky/Desktop/c++/NewGame/MyGame/BuildMyGame/CMakeFiles/CMakeTmp/Debug/include -I/Users/alexandr_broslavsky/Desktop/c++/NewGame/MyGame/BuildMyGame/CMakeFiles/CMakeTmp/CMAKE_TRY_COMPILE.build/Debug-iphoneos/cmTC_732b7.build/DerivedSources-normal/arm64 -I/Users/alexandr_broslavsky/Desktop/c++/NewGame/MyGame/BuildMyGame/CMakeFiles/CMakeTmp/CMAKE_TRY_COMPILE.build/Debug-iphoneos/cmTC_732b7.build/DerivedSources/arm64 -I/Users/alexandr_broslavsky/Desktop/c++/NewGame/MyGame/BuildMyGame/CMakeFiles/CMakeTmp/CMAKE_TRY_COMPILE.build/Debug-iphoneos/cmTC_732b7.build/DerivedSources -F/Users/alexandr_broslavsky/Desktop/c++/NewGame/MyGame/BuildMyGame/CMakeFiles/CMakeTmp/Debug -v -Wl,-v -MMD -MT dependencies -MF /Users/alexandr_broslavsky/Desktop/c++/NewGame/MyGame/BuildMyGame/CMakeFiles/CMakeTmp/CMAKE_TRY_COMPILE.build/Debug-iphoneos/cmTC_732b7.build/Objects-normal/arm64/CMakeCCompilerABI.d --serialize-diagnostics /Users/alexandr_broslavsky/Desktop/c++/NewGame/MyGame/BuildMyGame/CMakeFiles/CMakeTmp/CMAKE_TRY_COMPILE.build/Debug-iphoneos/cmTC_732b7.build/Objects-normal/arm64/CMakeCCompilerABI.dia -c /usr/local/Cellar/cmake/3.22.1/share/cmake/Modules/CMakeCCompilerABI.c -o /Users/alexandr_broslavsky/Desktop/c++/NewGame/MyGame/BuildMyGame/CMakeFiles/CMakeTmp/CMAKE_TRY_COMPILE.build/Debug-iphoneos/cmTC_732b7.build/Objects-normal/arm64/CMakeCCompilerABI.o
Apple clang version 13.1.6 (clang-1316.0.21.2.5)
Target: arm64-apple-ios15.5
Thread model: posix
InstalledDir: /Applications/Xcode.app/Contents/Developer/Toolchains/XcodeDefault.xctoolchain/usr/bin
clang: warning: -Wl,-v: 'linker' input unused [-Wunused-command-line-argument]
 "/Applications/Xcode.app/Contents/Developer/Toolchains/XcodeDefault.xctoolchain/usr/bin/clang" -cc1 -triple arm64-apple-ios15.5.0 -Wundef-prefix=TARGET_OS_ -Wdeprecated-objc-isa-usage -Werror=deprecated-objc-isa-usage -Werror=implicit-function-declaration -emit-obj --mrelax-relocations -fembed-bitcode=marker -fembed-bitcode=marker -disable-free -disable-llvm-verifier -discard-value-names -main-file-name CMakeCCompilerABI.c -mrelocation-model pic -pic-level 2 -mframe-pointer=non-leaf -fno-strict-return -fno-rounding-math -munwind-tables -target-sdk-version=15.5 -fvisibility-inlines-hidden-static-local-var -target-cpu apple-a7 -target-feature +fp-armv8 -target-feature +neon -target-feature +crypto -target-feature +zcm -target-feature +zcz -target-feature +sha2 -target-feature +aes -target-abi darwinpcs -fallow-half-arguments-and-returns -debug-info-kind=standalone -dwarf-version=4 -debugger-tuning=lldb -target-linker-version 763 -v -resource-dir /Applications/Xcode.app/Contents/Developer/Toolchains/XcodeDefault.xctoolchain/usr/lib/clang/13.1.6 -dependency-file /Users/alexandr_broslavsky/Desktop/c++/NewGame/MyGame/BuildMyGame/CMakeFiles/CMakeTmp/CMAKE_TRY_COMPILE.build/Debug-iphoneos/cmTC_732b7.build/Objects-normal/arm64/CMakeCCompilerABI.d -skip-unused-modulemap-deps -MT dependencies -isysroot /Applications/Xcode.app/Contents/Developer/Platforms/iPhoneOS.platform/Developer/SDKs/iPhoneOS15.5.sdk -D "CMAKE_INTDIR=\"Debug-iphoneos\"" -I /Users/alexandr_broslavsky/Desktop/c++/NewGame/MyGame/BuildMyGame/CMakeFiles/CMakeTmp/Debug/include -I /Users/alexandr_broslavsky/Desktop/c++/NewGame/MyGame/BuildMyGame/CMakeFiles/CMakeTmp/CMAKE_TRY_COMPILE.build/Debug-iphoneos/cmTC_732b7.build/DerivedSources-normal/arm64 -I /Users/alexandr_broslavsky/Desktop/c++/NewGame/MyGame/BuildMyGame/CMakeFiles/CMakeTmp/CMAKE_TRY_COMPILE.build/Debug-iphoneos/cmTC_732b7.build/DerivedSources/arm64 -I /Users/alexandr_broslavsky/Desktop/c++/NewGame/MyGame/BuildMyGame/CMakeFiles/CMakeTmp/CMAKE_TRY_COMPILE.build/Debug-iphoneos/cmTC_732b7.build/DerivedSources -F/Users/alexandr_broslavsky/Desktop/c++/NewGame/MyGame/BuildMyGame/CMakeFiles/CMakeTmp/Debug -internal-isystem /Applications/Xcode.app/Contents/Developer/Platforms/iPhoneOS.platform/Developer/SDKs/iPhoneOS15.5.sdk/usr/local/include -internal-isystem /Applications/Xcode.app/Contents/Developer/Toolchains/XcodeDefault.xctoolchain/usr/lib/clang/13.1.6/include -internal-externc-isystem /Applications/Xcode.app/Contents/Developer/Platforms/iPhoneOS.platform/Developer/SDKs/iPhoneOS15.5.sdk/usr/include -internal-externc-isystem /Applications/Xcode.app/Contents/Developer/Toolchains/XcodeDefault.xctoolchain/usr/include -O0 -Wno-trigraphs -Wno-missing-field-initializers -Wno-missing-prototypes -Wno-return-type -Wno-missing-braces -Wparentheses -Wswitch -Wno-unused-function -Wno-unused-label -Wno-unused-parameter -Wno-unused-variable -Wunused-value -Wno-empty-body -Wno-uninitialized -Wno-unknown-pragmas -Wno-shadow -Wno-four-char-constants -Wno-conversion -Wno-constant-conversion -Wno-int-conversion -Wno-bool-conversion -Wno-enum-conversion -Wno-float-conversion -Wno-non-literal-null-conversion -Wno-objc-literal-conversion -Wshorten-64-to-32 -Wpointer-sign -Wno-newline-eof -Wdeprecated-declarations -Wno-sign-conversion -Wno-infinite-recursion -Wno-comma -Wno-block-capture-autoreleasing -Wno-strict-prototypes -Wno-semicolon-before-method-body -Wno-reorder-init-list -Wno-implicit-int-float-conversion -Wno-c99-designator -Wno-final-dtor-non-final-class -Wno-extra-semi-stmt -Wno-misleading-indentation -Wno-quoted-include-in-framework-header -Wno-implicit-fallthrough -Wno-enum-enum-conversion -Wno-enum-float-conversion -Wno-elaborated-enum-base -Wno-reserved-identifier -Wno-gnu-folding-constant -Wno-objc-load-method -fdebug-compilation-dir=/Users/alexandr_broslavsky/Desktop/c++/NewGame/MyGame/BuildMyGame/CMakeFiles/CMakeTmp -ferror-limit 19 -fmacro-backtrace-limit 0 -stack-protector 1 -fstack-check -mdarwin-stkchk-strong-link -fblocks -fencode-extended-block-signature -fregister-global-dtors-with-atexit -fgnuc-version=4.2.1 -fpascal-strings -fmax-type-align=16 -fcommon -fdiagnostics-show-note-include-stack -serialize-diagnostic-file /Users/alexandr_broslavsky/Desktop/c++/NewGame/MyGame/BuildMyGame/CMakeFiles/CMakeTmp/CMAKE_TRY_COMPILE.build/Debug-iphoneos/cmTC_732b7.build/Objects-normal/arm64/CMakeCCompilerABI.dia -clang-vendor-feature=+messageToSelfInClassMethodIdReturnType -clang-vendor-feature=+disableInferNewAvailabilityFromInit -clang-vendor-feature=+disableNonDependentMemberExprInCurrentInstantiation -fno-odr-hash-protocols -clang-vendor-feature=+enableAggressiveVLAFolding -clang-vendor-feature=+revert09abecef7bbf -clang-vendor-feature=+thisNoAlignAttr -clang-vendor-feature=+thisNoNullAttr -D__GCC_HAVE_DWARF2_CFI_ASM=1 -o /Users/alexandr_broslavsky/Desktop/c++/NewGame/MyGame/BuildMyGame/CMakeFiles/CMakeTmp/CMAKE_TRY_COMPILE.build/Debug-iphoneos/cmTC_732b7.build/Objects-normal/arm64/CMakeCCompilerABI.o -x c /usr/local/Cellar/cmake/3.22.1/share/cmake/Modules/CMakeCCompilerABI.c
clang -cc1 version 13.1.6 (clang-1316.0.21.2.5) default target x86_64-apple-darwin21.2.0
ignoring nonexistent directory "/Users/alexandr_broslavsky/Desktop/c++/NewGame/MyGame/BuildMyGame/CMakeFiles/CMakeTmp/Debug/include"
ignoring nonexistent directory "/Users/alexandr_broslavsky/Desktop/c++/NewGame/MyGame/BuildMyGame/CMakeFiles/CMakeTmp/CMAKE_TRY_COMPILE.build/Debug-iphoneos/cmTC_732b7.build/DerivedSources-normal/arm64"
ignoring nonexistent directory "/Users/alexandr_broslavsky/Desktop/c++/NewGame/MyGame/BuildMyGame/CMakeFiles/CMakeTmp/CMAKE_TRY_COMPILE.build/Debug-iphoneos/cmTC_732b7.build/DerivedSources/arm64"
ignoring nonexistent directory "/Users/alexandr_broslavsky/Desktop/c++/NewGame/MyGame/BuildMyGame/CMakeFiles/CMakeTmp/CMAKE_TRY_COMPILE.build/Debug-iphoneos/cmTC_732b7.build/DerivedSources"
ignoring nonexistent directory "/Applications/Xcode.app/Contents/Developer/Platforms/iPhoneOS.platform/Developer/SDKs/iPhoneOS15.5.sdk/usr/local/include"
ignoring nonexistent directory "/Applications/Xcode.app/Contents/Developer/Platforms/iPhoneOS.platform/Developer/SDKs/iPhoneOS15.5.sdk/Library/Frameworks"
#include "..." search starts here:
#include <...> search starts here:
 /Users/alexandr_broslavsky/Desktop/c++/NewGame/MyGame/BuildMyGame/CMakeFiles/CMakeTmp/Debug (framework directory)
 /Applications/Xcode.app/Contents/Developer/Toolchains/XcodeDefault.xctoolchain/usr/lib/clang/13.1.6/include
 /Applications/Xcode.app/Contents/Developer/Platforms/iPhoneOS.platform/Developer/SDKs/iPhoneOS15.5.sdk/usr/include
 /Applications/Xcode.app/Contents/Developer/Toolchains/XcodeDefault.xctoolchain/usr/include
 /Applications/Xcode.app/Contents/Developer/Platforms/iPhoneOS.platform/Developer/SDKs/iPhoneOS15.5.sdk/System/Library/Frameworks (framework directory)
End of search list.

Libtool /Users/alexandr_broslavsky/Desktop/c++/NewGame/MyGame/BuildMyGame/CMakeFiles/CMakeTmp/Debug/libcmTC_732b7.a normal (in target 'cmTC_732b7' from project 'CMAKE_TRY_COMPILE')
    cd /Users/alexandr_broslavsky/Desktop/c++/NewGame/MyGame/BuildMyGame/CMakeFiles/CMakeTmp
    /Applications/Xcode.app/Contents/Developer/Toolchains/XcodeDefault.xctoolchain/usr/bin/libtool -static -arch_only arm64 -D -syslibroot /Applications/Xcode.app/Contents/Developer/Platforms/iPhoneOS.platform/Developer/SDKs/iPhoneOS15.5.sdk -L/Users/alexandr_broslavsky/Desktop/c++/NewGame/MyGame/BuildMyGame/CMakeFiles/CMakeTmp/Debug -filelist /Users/alexandr_broslavsky/Desktop/c++/NewGame/MyGame/BuildMyGame/CMakeFiles/CMakeTmp/CMAKE_TRY_COMPILE.build/Debug-iphoneos/cmTC_732b7.build/Objects-normal/arm64/cmTC_732b7.LinkFileList -dependency_info /Users/alexandr_broslavsky/Desktop/c++/NewGame/MyGame/BuildMyGame/CMakeFiles/CMakeTmp/CMAKE_TRY_COMPILE.build/Debug-iphoneos/cmTC_732b7.build/Objects-normal/arm64/cmTC_732b7_libtool_dependency_info.dat -o /Users/alexandr_broslavsky/Desktop/c++/NewGame/MyGame/BuildMyGame/CMakeFiles/CMakeTmp/Debug/libcmTC_732b7.a

** BUILD SUCCEEDED **




Parsed C implicit include dir info from above output: rv=done
  found start of include info
  found start of implicit include info
    add: [/Applications/Xcode.app/Contents/Developer/Toolchains/XcodeDefault.xctoolchain/usr/lib/clang/13.1.6/include]
    add: [/Applications/Xcode.app/Contents/Developer/Platforms/iPhoneOS.platform/Developer/SDKs/iPhoneOS15.5.sdk/usr/include]
    add: [/Applications/Xcode.app/Contents/Developer/Toolchains/XcodeDefault.xctoolchain/usr/include]
  end of search list found
  collapse include dir [/Applications/Xcode.app/Contents/Developer/Toolchains/XcodeDefault.xctoolchain/usr/lib/clang/13.1.6/include] ==> [/Applications/Xcode.app/Contents/Developer/Toolchains/XcodeDefault.xctoolchain/usr/lib/clang/13.1.6/include]
  collapse include dir [/Applications/Xcode.app/Contents/Developer/Platforms/iPhoneOS.platform/Developer/SDKs/iPhoneOS15.5.sdk/usr/include] ==> [/Applications/Xcode.app/Contents/Developer/Platforms/iPhoneOS.platform/Developer/SDKs/iPhoneOS15.5.sdk/usr/include]
  collapse include dir [/Applications/Xcode.app/Contents/Developer/Toolchains/XcodeDefault.xctoolchain/usr/include] ==> [/Applications/Xcode.app/Contents/Developer/Toolchains/XcodeDefault.xctoolchain/usr/include]
  implicit include dirs: [/Applications/Xcode.app/Contents/Developer/Toolchains/XcodeDefault.xctoolchain/usr/lib/clang/13.1.6/include;/Applications/Xcode.app/Contents/Developer/Platforms/iPhoneOS.platform/Developer/SDKs/iPhoneOS15.5.sdk/usr/include;/Applications/Xcode.app/Contents/Developer/Toolchains/XcodeDefault.xctoolchain/usr/include]


Parsed C implicit link information from above output:
  link line regex: [^( *|.*[/\])(ld|CMAKE_LINK_STARTFILE-NOTFOUND|([^/\]+-)?ld|collect2)[^/\]*( |$)]
  ignore line: [Change Dir: /Users/alexandr_broslavsky/Desktop/c++/NewGame/MyGame/BuildMyGame/CMakeFiles/CMakeTmp]
  ignore line: []
  ignore line: [Run Build Command(s):/usr/bin/xcodebuild -project CMAKE_TRY_COMPILE.xcodeproj build -target cmTC_732b7 -parallelizeTargets -configuration Debug -hideShellScriptEnvironment && 2022-07-08 23:55:48.100 xcodebuild[65562:1426678] Requested but did not find extension point with identifier Xcode.IDEKit.ExtensionSentinelHostApplications for extension Xcode.DebuggerFoundation.AppExtensionHosts.watchOS of plug-in com.apple.dt.IDEWatchSupportCore]
  ignore line: [2022-07-08 23:55:48.100 xcodebuild[65562:1426678] Requested but did not find extension point with identifier Xcode.IDEKit.ExtensionPointIdentifierToBundleIdentifier for extension Xcode.DebuggerFoundation.AppExtensionToBundleIdentifierMap.watchOS of plug-in com.apple.dt.IDEWatchSupportCore]
  ignore line: [Command line invocation:]
  ignore line: [    /Applications/Xcode.app/Contents/Developer/usr/bin/xcodebuild -project CMAKE_TRY_COMPILE.xcodeproj build -target cmTC_732b7 -parallelizeTargets -configuration Debug -hideShellScriptEnvironment]
  ignore line: []
  ignore line: [User defaults from command line:]
  ignore line: [    HideShellScriptEnvironment = YES]
  ignore line: [    IDEPackageSupportUseBuiltinSCM = YES]
  ignore line: []
  ignore line: [note: Using new build system]
  ignore line: [note: Planning]
  ignore line: [Analyze workspace]
  ignore line: []
  ignore line: [Create build description]
  ignore line: [Build description signature: efdea97c35f71d6ad4f31e189ce111af]
  ignore line: [Build description path: /Users/alexandr_broslavsky/Desktop/c++/NewGame/MyGame/BuildMyGame/CMakeFiles/CMakeTmp/build/XCBuildData/efdea97c35f71d6ad4f31e189ce111af-desc.xcbuild]
  ignore line: []
  ignore line: [note: Build preparation complete]
  ignore line: [note: Building targets in dependency order]
  ignore line: [CreateBuildDirectory /Users/alexandr_broslavsky/Desktop/c++/NewGame/MyGame/BuildMyGame/CMakeFiles/CMakeTmp]
  ignore line: [    cd /Users/alexandr_broslavsky/Desktop/c++/NewGame/MyGame/BuildMyGame/CMakeFiles/CMakeTmp/CMAKE_TRY_COMPILE.xcodeproj]
  ignore line: [    builtin-create-build-directory /Users/alexandr_broslavsky/Desktop/c++/NewGame/MyGame/BuildMyGame/CMakeFiles/CMakeTmp]
  ignore line: []
  ignore line: [CreateBuildDirectory /Users/alexandr_broslavsky/Desktop/c++/NewGame/MyGame/BuildMyGame/CMakeFiles/CMakeTmp/Debug]
  ignore line: [    cd /Users/alexandr_broslavsky/Desktop/c++/NewGame/MyGame/BuildMyGame/CMakeFiles/CMakeTmp/CMAKE_TRY_COMPILE.xcodeproj]
  ignore line: [    builtin-create-build-directory /Users/alexandr_broslavsky/Desktop/c++/NewGame/MyGame/BuildMyGame/CMakeFiles/CMakeTmp/Debug]
  ignore line: []
  ignore line: [WriteAuxiliaryFile /Users/alexandr_broslavsky/Desktop/c++/NewGame/MyGame/BuildMyGame/CMakeFiles/CMakeTmp/CMAKE_TRY_COMPILE.build/Debug-iphoneos/cmTC_732b7.build/Objects-normal/arm64/cmTC_732b7.LinkFileList (in target 'cmTC_732b7' from project 'CMAKE_TRY_COMPILE')]
  ignore line: [    cd /Users/alexandr_broslavsky/Desktop/c++/NewGame/MyGame/BuildMyGame/CMakeFiles/CMakeTmp]
  ignore line: [    write-file /Users/alexandr_broslavsky/Desktop/c++/NewGame/MyGame/BuildMyGame/CMakeFiles/CMakeTmp/CMAKE_TRY_COMPILE.build/Debug-iphoneos/cmTC_732b7.build/Objects-normal/arm64/cmTC_732b7.LinkFileList]
  ignore line: []
  ignore line: [CompileC /Users/alexandr_broslavsky/Desktop/c++/NewGame/MyGame/BuildMyGame/CMakeFiles/CMakeTmp/CMAKE_TRY_COMPILE.build/Debug-iphoneos/cmTC_732b7.build/Objects-normal/arm64/CMakeCCompilerABI.o /usr/local/Cellar/cmake/3.22.1/share/cmake/Modules/CMakeCCompilerABI.c normal arm64 c com.apple.compilers.llvm.clang.1_0.compiler (in target 'cmTC_732b7' from project 'CMAKE_TRY_COMPILE')]
  ignore line: [    cd /Users/alexandr_broslavsky/Desktop/c++/NewGame/MyGame/BuildMyGame/CMakeFiles/CMakeTmp]
  ignore line: [    /Applications/Xcode.app/Contents/Developer/Toolchains/XcodeDefault.xctoolchain/usr/bin/clang -x c -target arm64-apple-ios15.5 -fmessage-length\=0 -fdiagnostics-show-note-include-stack -fmacro-backtrace-limit\=0 -Wno-trigraphs -fpascal-strings -O0 -Wno-missing-field-initializers -Wno-missing-prototypes -Wno-return-type -Wno-missing-braces -Wparentheses -Wswitch -Wno-unused-function -Wno-unused-label -Wno-unused-parameter -Wno-unused-variable -Wunused-value -Wno-empty-body -Wno-uninitialized -Wno-unknown-pragmas -Wno-shadow -Wno-four-char-constants -Wno-conversion -Wno-constant-conversion -Wno-int-conversion -Wno-bool-conversion -Wno-enum-conversion -Wno-float-conversion -Wno-non-literal-null-conversion -Wno-objc-literal-conversion -Wshorten-64-to-32 -Wpointer-sign -Wno-newline-eof -DCMAKE_INTDIR\=\"Debug-iphoneos\" -isysroot /Applications/Xcode.app/Contents/Developer/Platforms/iPhoneOS.platform/Developer/SDKs/iPhoneOS15.5.sdk -fstrict-aliasing -Wdeprecated-declarations -g -Wno-sign-conversion -Wno-infinite-recursion -Wno-comma -Wno-block-capture-autoreleasing -Wno-strict-prototypes -Wno-semicolon-before-method-body -fembed-bitcode-marker -I/Users/alexandr_broslavsky/Desktop/c++/NewGame/MyGame/BuildMyGame/CMakeFiles/CMakeTmp/Debug/include -I/Users/alexandr_broslavsky/Desktop/c++/NewGame/MyGame/BuildMyGame/CMakeFiles/CMakeTmp/CMAKE_TRY_COMPILE.build/Debug-iphoneos/cmTC_732b7.build/DerivedSources-normal/arm64 -I/Users/alexandr_broslavsky/Desktop/c++/NewGame/MyGame/BuildMyGame/CMakeFiles/CMakeTmp/CMAKE_TRY_COMPILE.build/Debug-iphoneos/cmTC_732b7.build/DerivedSources/arm64 -I/Users/alexandr_broslavsky/Desktop/c++/NewGame/MyGame/BuildMyGame/CMakeFiles/CMakeTmp/CMAKE_TRY_COMPILE.build/Debug-iphoneos/cmTC_732b7.build/DerivedSources -F/Users/alexandr_broslavsky/Desktop/c++/NewGame/MyGame/BuildMyGame/CMakeFiles/CMakeTmp/Debug -v -Wl -v -MMD -MT dependencies -MF /Users/alexandr_broslavsky/Desktop/c++/NewGame/MyGame/BuildMyGame/CMakeFiles/CMakeTmp/CMAKE_TRY_COMPILE.build/Debug-iphoneos/cmTC_732b7.build/Objects-normal/arm64/CMakeCCompilerABI.d --serialize-diagnostics /Users/alexandr_broslavsky/Desktop/c++/NewGame/MyGame/BuildMyGame/CMakeFiles/CMakeTmp/CMAKE_TRY_COMPILE.build/Debug-iphoneos/cmTC_732b7.build/Objects-normal/arm64/CMakeCCompilerABI.dia -c /usr/local/Cellar/cmake/3.22.1/share/cmake/Modules/CMakeCCompilerABI.c -o /Users/alexandr_broslavsky/Desktop/c++/NewGame/MyGame/BuildMyGame/CMakeFiles/CMakeTmp/CMAKE_TRY_COMPILE.build/Debug-iphoneos/cmTC_732b7.build/Objects-normal/arm64/CMakeCCompilerABI.o]
  ignore line: [Apple clang version 13.1.6 (clang-1316.0.21.2.5)]
  ignore line: [Target: arm64-apple-ios15.5]
  ignore line: [Thread model: posix]
  ignore line: [InstalledDir: /Applications/Xcode.app/Contents/Developer/Toolchains/XcodeDefault.xctoolchain/usr/bin]
  ignore line: [clang: warning: -Wl -v: 'linker' input unused [-Wunused-command-line-argument]]
  ignore line: [ "/Applications/Xcode.app/Contents/Developer/Toolchains/XcodeDefault.xctoolchain/usr/bin/clang" -cc1 -triple arm64-apple-ios15.5.0 -Wundef-prefix=TARGET_OS_ -Wdeprecated-objc-isa-usage -Werror=deprecated-objc-isa-usage -Werror=implicit-function-declaration -emit-obj --mrelax-relocations -fembed-bitcode=marker -fembed-bitcode=marker -disable-free -disable-llvm-verifier -discard-value-names -main-file-name CMakeCCompilerABI.c -mrelocation-model pic -pic-level 2 -mframe-pointer=non-leaf -fno-strict-return -fno-rounding-math -munwind-tables -target-sdk-version=15.5 -fvisibility-inlines-hidden-static-local-var -target-cpu apple-a7 -target-feature +fp-armv8 -target-feature +neon -target-feature +crypto -target-feature +zcm -target-feature +zcz -target-feature +sha2 -target-feature +aes -target-abi darwinpcs -fallow-half-arguments-and-returns -debug-info-kind=standalone -dwarf-version=4 -debugger-tuning=lldb -target-linker-version 763 -v -resource-dir /Applications/Xcode.app/Contents/Developer/Toolchains/XcodeDefault.xctoolchain/usr/lib/clang/13.1.6 -dependency-file /Users/alexandr_broslavsky/Desktop/c++/NewGame/MyGame/BuildMyGame/CMakeFiles/CMakeTmp/CMAKE_TRY_COMPILE.build/Debug-iphoneos/cmTC_732b7.build/Objects-normal/arm64/CMakeCCompilerABI.d -skip-unused-modulemap-deps -MT dependencies -isysroot /Applications/Xcode.app/Contents/Developer/Platforms/iPhoneOS.platform/Developer/SDKs/iPhoneOS15.5.sdk -D "CMAKE_INTDIR=\"Debug-iphoneos\"" -I /Users/alexandr_broslavsky/Desktop/c++/NewGame/MyGame/BuildMyGame/CMakeFiles/CMakeTmp/Debug/include -I /Users/alexandr_broslavsky/Desktop/c++/NewGame/MyGame/BuildMyGame/CMakeFiles/CMakeTmp/CMAKE_TRY_COMPILE.build/Debug-iphoneos/cmTC_732b7.build/DerivedSources-normal/arm64 -I /Users/alexandr_broslavsky/Desktop/c++/NewGame/MyGame/BuildMyGame/CMakeFiles/CMakeTmp/CMAKE_TRY_COMPILE.build/Debug-iphoneos/cmTC_732b7.build/DerivedSources/arm64 -I /Users/alexandr_broslavsky/Desktop/c++/NewGame/MyGame/BuildMyGame/CMakeFiles/CMakeTmp/CMAKE_TRY_COMPILE.build/Debug-iphoneos/cmTC_732b7.build/DerivedSources -F/Users/alexandr_broslavsky/Desktop/c++/NewGame/MyGame/BuildMyGame/CMakeFiles/CMakeTmp/Debug -internal-isystem /Applications/Xcode.app/Contents/Developer/Platforms/iPhoneOS.platform/Developer/SDKs/iPhoneOS15.5.sdk/usr/local/include -internal-isystem /Applications/Xcode.app/Contents/Developer/Toolchains/XcodeDefault.xctoolchain/usr/lib/clang/13.1.6/include -internal-externc-isystem /Applications/Xcode.app/Contents/Developer/Platforms/iPhoneOS.platform/Developer/SDKs/iPhoneOS15.5.sdk/usr/include -internal-externc-isystem /Applications/Xcode.app/Contents/Developer/Toolchains/XcodeDefault.xctoolchain/usr/include -O0 -Wno-trigraphs -Wno-missing-field-initializers -Wno-missing-prototypes -Wno-return-type -Wno-missing-braces -Wparentheses -Wswitch -Wno-unused-function -Wno-unused-label -Wno-unused-parameter -Wno-unused-variable -Wunused-value -Wno-empty-body -Wno-uninitialized -Wno-unknown-pragmas -Wno-shadow -Wno-four-char-constants -Wno-conversion -Wno-constant-conversion -Wno-int-conversion -Wno-bool-conversion -Wno-enum-conversion -Wno-float-conversion -Wno-non-literal-null-conversion -Wno-objc-literal-conversion -Wshorten-64-to-32 -Wpointer-sign -Wno-newline-eof -Wdeprecated-declarations -Wno-sign-conversion -Wno-infinite-recursion -Wno-comma -Wno-block-capture-autoreleasing -Wno-strict-prototypes -Wno-semicolon-before-method-body -Wno-reorder-init-list -Wno-implicit-int-float-conversion -Wno-c99-designator -Wno-final-dtor-non-final-class -Wno-extra-semi-stmt -Wno-misleading-indentation -Wno-quoted-include-in-framework-header -Wno-implicit-fallthrough -Wno-enum-enum-conversion -Wno-enum-float-conversion -Wno-elaborated-enum-base -Wno-reserved-identifier -Wno-gnu-folding-constant -Wno-objc-load-method -fdebug-compilation-dir=/Users/alexandr_broslavsky/Desktop/c++/NewGame/MyGame/BuildMyGame/CMakeFiles/CMakeTmp -ferror-limit 19 -fmacro-backtrace-limit 0 -stack-protector 1 -fstack-check -mdarwin-stkchk-strong-link -fblocks -fencode-extended-block-signature -fregister-global-dtors-with-atexit -fgnuc-version=4.2.1 -fpascal-strings -fmax-type-align=16 -fcommon -fdiagnostics-show-note-include-stack -serialize-diagnostic-file /Users/alexandr_broslavsky/Desktop/c++/NewGame/MyGame/BuildMyGame/CMakeFiles/CMakeTmp/CMAKE_TRY_COMPILE.build/Debug-iphoneos/cmTC_732b7.build/Objects-normal/arm64/CMakeCCompilerABI.dia -clang-vendor-feature=+messageToSelfInClassMethodIdReturnType -clang-vendor-feature=+disableInferNewAvailabilityFromInit -clang-vendor-feature=+disableNonDependentMemberExprInCurrentInstantiation -fno-odr-hash-protocols -clang-vendor-feature=+enableAggressiveVLAFolding -clang-vendor-feature=+revert09abecef7bbf -clang-vendor-feature=+thisNoAlignAttr -clang-vendor-feature=+thisNoNullAttr -D__GCC_HAVE_DWARF2_CFI_ASM=1 -o /Users/alexandr_broslavsky/Desktop/c++/NewGame/MyGame/BuildMyGame/CMakeFiles/CMakeTmp/CMAKE_TRY_COMPILE.build/Debug-iphoneos/cmTC_732b7.build/Objects-normal/arm64/CMakeCCompilerABI.o -x c /usr/local/Cellar/cmake/3.22.1/share/cmake/Modules/CMakeCCompilerABI.c]
  ignore line: [clang -cc1 version 13.1.6 (clang-1316.0.21.2.5) default target x86_64-apple-darwin21.2.0]
  ignore line: [ignoring nonexistent directory "/Users/alexandr_broslavsky/Desktop/c++/NewGame/MyGame/BuildMyGame/CMakeFiles/CMakeTmp/Debug/include"]
  ignore line: [ignoring nonexistent directory "/Users/alexandr_broslavsky/Desktop/c++/NewGame/MyGame/BuildMyGame/CMakeFiles/CMakeTmp/CMAKE_TRY_COMPILE.build/Debug-iphoneos/cmTC_732b7.build/DerivedSources-normal/arm64"]
  ignore line: [ignoring nonexistent directory "/Users/alexandr_broslavsky/Desktop/c++/NewGame/MyGame/BuildMyGame/CMakeFiles/CMakeTmp/CMAKE_TRY_COMPILE.build/Debug-iphoneos/cmTC_732b7.build/DerivedSources/arm64"]
  ignore line: [ignoring nonexistent directory "/Users/alexandr_broslavsky/Desktop/c++/NewGame/MyGame/BuildMyGame/CMakeFiles/CMakeTmp/CMAKE_TRY_COMPILE.build/Debug-iphoneos/cmTC_732b7.build/DerivedSources"]
  ignore line: [ignoring nonexistent directory "/Applications/Xcode.app/Contents/Developer/Platforms/iPhoneOS.platform/Developer/SDKs/iPhoneOS15.5.sdk/usr/local/include"]
  ignore line: [ignoring nonexistent directory "/Applications/Xcode.app/Contents/Developer/Platforms/iPhoneOS.platform/Developer/SDKs/iPhoneOS15.5.sdk/Library/Frameworks"]
  ignore line: [#include "..." search starts here:]
  ignore line: [#include <...> search starts here:]
  ignore line: [ /Users/alexandr_broslavsky/Desktop/c++/NewGame/MyGame/BuildMyGame/CMakeFiles/CMakeTmp/Debug (framework directory)]
  ignore line: [ /Applications/Xcode.app/Contents/Developer/Toolchains/XcodeDefault.xctoolchain/usr/lib/clang/13.1.6/include]
  ignore line: [ /Applications/Xcode.app/Contents/Developer/Platforms/iPhoneOS.platform/Developer/SDKs/iPhoneOS15.5.sdk/usr/include]
  ignore line: [ /Applications/Xcode.app/Contents/Developer/Toolchains/XcodeDefault.xctoolchain/usr/include]
  ignore line: [ /Applications/Xcode.app/Contents/Developer/Platforms/iPhoneOS.platform/Developer/SDKs/iPhoneOS15.5.sdk/System/Library/Frameworks (framework directory)]
  ignore line: [End of search list.]
  ignore line: []
  ignore line: [Libtool /Users/alexandr_broslavsky/Desktop/c++/NewGame/MyGame/BuildMyGame/CMakeFiles/CMakeTmp/Debug/libcmTC_732b7.a normal (in target 'cmTC_732b7' from project 'CMAKE_TRY_COMPILE')]
  ignore line: [    cd /Users/alexandr_broslavsky/Desktop/c++/NewGame/MyGame/BuildMyGame/CMakeFiles/CMakeTmp]
  ignore line: [    /Applications/Xcode.app/Contents/Developer/Toolchains/XcodeDefault.xctoolchain/usr/bin/libtool -static -arch_only arm64 -D -syslibroot /Applications/Xcode.app/Contents/Developer/Platforms/iPhoneOS.platform/Developer/SDKs/iPhoneOS15.5.sdk -L/Users/alexandr_broslavsky/Desktop/c++/NewGame/MyGame/BuildMyGame/CMakeFiles/CMakeTmp/Debug -filelist /Users/alexandr_broslavsky/Desktop/c++/NewGame/MyGame/BuildMyGame/CMakeFiles/CMakeTmp/CMAKE_TRY_COMPILE.build/Debug-iphoneos/cmTC_732b7.build/Objects-normal/arm64/cmTC_732b7.LinkFileList -dependency_info /Users/alexandr_broslavsky/Desktop/c++/NewGame/MyGame/BuildMyGame/CMakeFiles/CMakeTmp/CMAKE_TRY_COMPILE.build/Debug-iphoneos/cmTC_732b7.build/Objects-normal/arm64/cmTC_732b7_libtool_dependency_info.dat -o /Users/alexandr_broslavsky/Desktop/c++/NewGame/MyGame/BuildMyGame/CMakeFiles/CMakeTmp/Debug/libcmTC_732b7.a]
  ignore line: []
  ignore line: [** BUILD SUCCEEDED **]
  ignore line: []
  ignore line: []
  ignore line: []
  implicit libs: []
  implicit objs: []
  implicit dirs: []
  implicit fwks: []


Detecting CXX compiler ABI info compiled with the following output:
Change Dir: /Users/alexandr_broslavsky/Desktop/c++/NewGame/MyGame/BuildMyGame/CMakeFiles/CMakeTmp

Run Build Command(s):/usr/bin/xcodebuild -project CMAKE_TRY_COMPILE.xcodeproj build -target cmTC_b2ad7 -parallelizeTargets -configuration Debug -hideShellScriptEnvironment && 2022-07-08 23:55:50.715 xcodebuild[65582:1426872] Requested but did not find extension point with identifier Xcode.IDEKit.ExtensionSentinelHostApplications for extension Xcode.DebuggerFoundation.AppExtensionHosts.watchOS of plug-in com.apple.dt.IDEWatchSupportCore
2022-07-08 23:55:50.715 xcodebuild[65582:1426872] Requested but did not find extension point with identifier Xcode.IDEKit.ExtensionPointIdentifierToBundleIdentifier for extension Xcode.DebuggerFoundation.AppExtensionToBundleIdentifierMap.watchOS of plug-in com.apple.dt.IDEWatchSupportCore
Command line invocation:
    /Applications/Xcode.app/Contents/Developer/usr/bin/xcodebuild -project CMAKE_TRY_COMPILE.xcodeproj build -target cmTC_b2ad7 -parallelizeTargets -configuration Debug -hideShellScriptEnvironment

User defaults from command line:
    HideShellScriptEnvironment = YES
    IDEPackageSupportUseBuiltinSCM = YES

note: Using new build system
note: Planning
Analyze workspace

Create build description
Build description signature: e2ae755e4ffff14f5f34c44fc838e371
Build description path: /Users/alexandr_broslavsky/Desktop/c++/NewGame/MyGame/BuildMyGame/CMakeFiles/CMakeTmp/build/XCBuildData/e2ae755e4ffff14f5f34c44fc838e371-desc.xcbuild

note: Build preparation complete
note: Building targets in dependency order
CreateBuildDirectory /Users/alexandr_broslavsky/Desktop/c++/NewGame/MyGame/BuildMyGame/CMakeFiles/CMakeTmp
    cd /Users/alexandr_broslavsky/Desktop/c++/NewGame/MyGame/BuildMyGame/CMakeFiles/CMakeTmp/CMAKE_TRY_COMPILE.xcodeproj
    builtin-create-build-directory /Users/alexandr_broslavsky/Desktop/c++/NewGame/MyGame/BuildMyGame/CMakeFiles/CMakeTmp

CreateBuildDirectory /Users/alexandr_broslavsky/Desktop/c++/NewGame/MyGame/BuildMyGame/CMakeFiles/CMakeTmp/Debug
    cd /Users/alexandr_broslavsky/Desktop/c++/NewGame/MyGame/BuildMyGame/CMakeFiles/CMakeTmp/CMAKE_TRY_COMPILE.xcodeproj
    builtin-create-build-directory /Users/alexandr_broslavsky/Desktop/c++/NewGame/MyGame/BuildMyGame/CMakeFiles/CMakeTmp/Debug

CompileC /Users/alexandr_broslavsky/Desktop/c++/NewGame/MyGame/BuildMyGame/CMakeFiles/CMakeTmp/CMAKE_TRY_COMPILE.build/Debug-iphoneos/cmTC_b2ad7.build/Objects-normal/arm64/CMakeCXXCompilerABI.o /usr/local/Cellar/cmake/3.22.1/share/cmake/Modules/CMakeCXXCompilerABI.cpp normal arm64 c++ com.apple.compilers.llvm.clang.1_0.compiler (in target 'cmTC_b2ad7' from project 'CMAKE_TRY_COMPILE')
    cd /Users/alexandr_broslavsky/Desktop/c++/NewGame/MyGame/BuildMyGame/CMakeFiles/CMakeTmp
    /Applications/Xcode.app/Contents/Developer/Toolchains/XcodeDefault.xctoolchain/usr/bin/clang -x c++ -target arm64-apple-ios15.5 -fmessage-length\=0 -fdiagnostics-show-note-include-stack -fmacro-backtrace-limit\=0 -Wno-trigraphs -fpascal-strings -O0 -Wno-missing-field-initializers -Wno-missing-prototypes -Wno-return-type -Wno-non-virtual-dtor -Wno-overloaded-virtual -Wno-exit-time-destructors -Wno-missing-braces -Wparentheses -Wswitch -Wno-unused-function -Wno-unused-label -Wno-unused-parameter -Wno-unused-variable -Wunused-value -Wno-empty-body -Wno-uninitialized -Wno-unknown-pragmas -Wno-shadow -Wno-four-char-constants -Wno-conversion -Wno-constant-conversion -Wno-int-conversion -Wno-bool-conversion -Wno-enum-conversion -Wno-float-conversion -Wno-non-literal-null-conversion -Wno-objc-literal-conversion -Wshorten-64-to-32 -Wno-newline-eof -Wno-c++11-extensions -DCMAKE_INTDIR\=\"Debug-iphoneos\" -isysroot /Applications/Xcode.app/Contents/Developer/Platforms/iPhoneOS.platform/Developer/SDKs/iPhoneOS15.5.sdk -fstrict-aliasing -Wdeprecated-declarations -Winvalid-offsetof -g -Wno-sign-conversion -Wno-infinite-recursion -Wno-move -Wno-comma -Wno-block-capture-autoreleasing -Wno-strict-prototypes -Wno-range-loop-analysis -Wno-semicolon-before-method-body -fembed-bitcode-marker -I/Users/alexandr_broslavsky/Desktop/c++/NewGame/MyGame/BuildMyGame/CMakeFiles/CMakeTmp/Debug/include -I/Users/alexandr_broslavsky/Desktop/c++/NewGame/MyGame/BuildMyGame/CMakeFiles/CMakeTmp/CMAKE_TRY_COMPILE.build/Debug-iphoneos/cmTC_b2ad7.build/DerivedSources-normal/arm64 -I/Users/alexandr_broslavsky/Desktop/c++/NewGame/MyGame/BuildMyGame/CMakeFiles/CMakeTmp/CMAKE_TRY_COMPILE.build/Debug-iphoneos/cmTC_b2ad7.build/DerivedSources/arm64 -I/Users/alexandr_broslavsky/Desktop/c++/NewGame/MyGame/BuildMyGame/CMakeFiles/CMakeTmp/CMAKE_TRY_COMPILE.build/Debug-iphoneos/cmTC_b2ad7.build/DerivedSources -F/Users/alexandr_broslavsky/Desktop/c++/NewGame/MyGame/BuildMyGame/CMakeFiles/CMakeTmp/Debug -v -Wl,-v -MMD -MT dependencies -MF /Users/alexandr_broslavsky/Desktop/c++/NewGame/MyGame/BuildMyGame/CMakeFiles/CMakeTmp/CMAKE_TRY_COMPILE.build/Debug-iphoneos/cmTC_b2ad7.build/Objects-normal/arm64/CMakeCXXCompilerABI.d --serialize-diagnostics /Users/alexandr_broslavsky/Desktop/c++/NewGame/MyGame/BuildMyGame/CMakeFiles/CMakeTmp/CMAKE_TRY_COMPILE.build/Debug-iphoneos/cmTC_b2ad7.build/Objects-normal/arm64/CMakeCXXCompilerABI.dia -c /usr/local/Cellar/cmake/3.22.1/share/cmake/Modules/CMakeCXXCompilerABI.cpp -o /Users/alexandr_broslavsky/Desktop/c++/NewGame/MyGame/BuildMyGame/CMakeFiles/CMakeTmp/CMAKE_TRY_COMPILE.build/Debug-iphoneos/cmTC_b2ad7.build/Objects-normal/arm64/CMakeCXXCompilerABI.o
Apple clang version 13.1.6 (clang-1316.0.21.2.5)
Target: arm64-apple-ios15.5
Thread model: posix
InstalledDir: /Applications/Xcode.app/Contents/Developer/Toolchains/XcodeDefault.xctoolchain/usr/bin
clang: warning: -Wl,-v: 'linker' input unused [-Wunused-command-line-argument]
 "/Applications/Xcode.app/Contents/Developer/Toolchains/XcodeDefault.xctoolchain/usr/bin/clang" -cc1 -triple arm64-apple-ios15.5.0 -Wundef-prefix=TARGET_OS_ -Wdeprecated-objc-isa-usage -Werror=deprecated-objc-isa-usage -Werror=implicit-function-declaration -emit-obj --mrelax-relocations -fembed-bitcode=marker -fembed-bitcode=marker -disable-free -disable-llvm-verifier -discard-value-names -main-file-name CMakeCXXCompilerABI.cpp -mrelocation-model pic -pic-level 2 -mframe-pointer=non-leaf -fno-strict-return -fno-rounding-math -munwind-tables -target-sdk-version=15.5 -fvisibility-inlines-hidden-static-local-var -target-cpu apple-a7 -target-feature +fp-armv8 -target-feature +neon -target-feature +crypto -target-feature +zcm -target-feature +zcz -target-feature +sha2 -target-feature +aes -target-abi darwinpcs -fallow-half-arguments-and-returns -debug-info-kind=standalone -dwarf-version=4 -debugger-tuning=lldb -target-linker-version 763 -v -resource-dir /Applications/Xcode.app/Contents/Developer/Toolchains/XcodeDefault.xctoolchain/usr/lib/clang/13.1.6 -dependency-file /Users/alexandr_broslavsky/Desktop/c++/NewGame/MyGame/BuildMyGame/CMakeFiles/CMakeTmp/CMAKE_TRY_COMPILE.build/Debug-iphoneos/cmTC_b2ad7.build/Objects-normal/arm64/CMakeCXXCompilerABI.d -skip-unused-modulemap-deps -MT dependencies -isysroot /Applications/Xcode.app/Contents/Developer/Platforms/iPhoneOS.platform/Developer/SDKs/iPhoneOS15.5.sdk -D "CMAKE_INTDIR=\"Debug-iphoneos\"" -I /Users/alexandr_broslavsky/Desktop/c++/NewGame/MyGame/BuildMyGame/CMakeFiles/CMakeTmp/Debug/include -I /Users/alexandr_broslavsky/Desktop/c++/NewGame/MyGame/BuildMyGame/CMakeFiles/CMakeTmp/CMAKE_TRY_COMPILE.build/Debug-iphoneos/cmTC_b2ad7.build/DerivedSources-normal/arm64 -I /Users/alexandr_broslavsky/Desktop/c++/NewGame/MyGame/BuildMyGame/CMakeFiles/CMakeTmp/CMAKE_TRY_COMPILE.build/Debug-iphoneos/cmTC_b2ad7.build/DerivedSources/arm64 -I /Users/alexandr_broslavsky/Desktop/c++/NewGame/MyGame/BuildMyGame/CMakeFiles/CMakeTmp/CMAKE_TRY_COMPILE.build/Debug-iphoneos/cmTC_b2ad7.build/DerivedSources -F/Users/alexandr_broslavsky/Desktop/c++/NewGame/MyGame/BuildMyGame/CMakeFiles/CMakeTmp/Debug -stdlib=libc++ -internal-isystem /Applications/Xcode.app/Contents/Developer/Platforms/iPhoneOS.platform/Developer/SDKs/iPhoneOS15.5.sdk/usr/include/c++/v1 -internal-isystem /Applications/Xcode.app/Contents/Developer/Platforms/iPhoneOS.platform/Developer/SDKs/iPhoneOS15.5.sdk/usr/local/include -internal-isystem /Applications/Xcode.app/Contents/Developer/Toolchains/XcodeDefault.xctoolchain/usr/lib/clang/13.1.6/include -internal-externc-isystem /Applications/Xcode.app/Contents/Developer/Platforms/iPhoneOS.platform/Developer/SDKs/iPhoneOS15.5.sdk/usr/include -internal-externc-isystem /Applications/Xcode.app/Contents/Developer/Toolchains/XcodeDefault.xctoolchain/usr/include -O0 -Wno-trigraphs -Wno-missing-field-initializers -Wno-missing-prototypes -Wno-return-type -Wno-non-virtual-dtor -Wno-overloaded-virtual -Wno-exit-time-destructors -Wno-missing-braces -Wparentheses -Wswitch -Wno-unused-function -Wno-unused-label -Wno-unused-parameter -Wno-unused-variable -Wunused-value -Wno-empty-body -Wno-uninitialized -Wno-unknown-pragmas -Wno-shadow -Wno-four-char-constants -Wno-conversion -Wno-constant-conversion -Wno-int-conversion -Wno-bool-conversion -Wno-enum-conversion -Wno-float-conversion -Wno-non-literal-null-conversion -Wno-objc-literal-conversion -Wshorten-64-to-32 -Wno-newline-eof -Wno-c++11-extensions -Wdeprecated-declarations -Winvalid-offsetof -Wno-sign-conversion -Wno-infinite-recursion -Wno-move -Wno-comma -Wno-block-capture-autoreleasing -Wno-strict-prototypes -Wno-range-loop-analysis -Wno-semicolon-before-method-body -Wno-reorder-init-list -Wno-implicit-int-float-conversion -Wno-c99-designator -Wno-final-dtor-non-final-class -Wno-extra-semi-stmt -Wno-misleading-indentation -Wno-quoted-include-in-framework-header -Wno-implicit-fallthrough -Wno-enum-enum-conversion -Wno-enum-float-conversion -Wno-elaborated-enum-base -Wno-reserved-identifier -Wno-gnu-folding-constant -Wno-objc-load-method -fdeprecated-macro -fdebug-compilation-dir=/Users/alexandr_broslavsky/Desktop/c++/NewGame/MyGame/BuildMyGame/CMakeFiles/CMakeTmp -ferror-limit 19 -fmacro-backtrace-limit 0 -stack-protector 1 -fstack-check -mdarwin-stkchk-strong-link -fblocks -fencode-extended-block-signature -fregister-global-dtors-with-atexit -fgnuc-version=4.2.1 -fno-cxx-modules -fcxx-exceptions -fexceptions -fpascal-strings -fmax-type-align=16 -fcommon -fdiagnostics-show-note-include-stack -serialize-diagnostic-file /Users/alexandr_broslavsky/Desktop/c++/NewGame/MyGame/BuildMyGame/CMakeFiles/CMakeTmp/CMAKE_TRY_COMPILE.build/Debug-iphoneos/cmTC_b2ad7.build/Objects-normal/arm64/CMakeCXXCompilerABI.dia -clang-vendor-feature=+messageToSelfInClassMethodIdReturnType -clang-vendor-feature=+disableInferNewAvailabilityFromInit -clang-vendor-feature=+disableNonDependentMemberExprInCurrentInstantiation -fno-odr-hash-protocols -clang-vendor-feature=+enableAggressiveVLAFolding -clang-vendor-feature=+revert09abecef7bbf -clang-vendor-feature=+thisNoAlignAttr -clang-vendor-feature=+thisNoNullAttr -D__GCC_HAVE_DWARF2_CFI_ASM=1 -o /Users/alexandr_broslavsky/Desktop/c++/NewGame/MyGame/BuildMyGame/CMakeFiles/CMakeTmp/CMAKE_TRY_COMPILE.build/Debug-iphoneos/cmTC_b2ad7.build/Objects-normal/arm64/CMakeCXXCompilerABI.o -x c++ /usr/local/Cellar/cmake/3.22.1/share/cmake/Modules/CMakeCXXCompilerABI.cpp
clang -cc1 version 13.1.6 (clang-1316.0.21.2.5) default target x86_64-apple-darwin21.2.0
ignoring nonexistent directory "/Users/alexandr_broslavsky/Desktop/c++/NewGame/MyGame/BuildMyGame/CMakeFiles/CMakeTmp/Debug/include"
ignoring nonexistent directory "/Users/alexandr_broslavsky/Desktop/c++/NewGame/MyGame/BuildMyGame/CMakeFiles/CMakeTmp/CMAKE_TRY_COMPILE.build/Debug-iphoneos/cmTC_b2ad7.build/DerivedSources-normal/arm64"
ignoring nonexistent directory "/Users/alexandr_broslavsky/Desktop/c++/NewGame/MyGame/BuildMyGame/CMakeFiles/CMakeTmp/CMAKE_TRY_COMPILE.build/Debug-iphoneos/cmTC_b2ad7.build/DerivedSources/arm64"
ignoring nonexistent directory "/Users/alexandr_broslavsky/Desktop/c++/NewGame/MyGame/BuildMyGame/CMakeFiles/CMakeTmp/CMAKE_TRY_COMPILE.build/Debug-iphoneos/cmTC_b2ad7.build/DerivedSources"
ignoring nonexistent directory "/Applications/Xcode.app/Contents/Developer/Platforms/iPhoneOS.platform/Developer/SDKs/iPhoneOS15.5.sdk/usr/local/include"
ignoring nonexistent directory "/Applications/Xcode.app/Contents/Developer/Platforms/iPhoneOS.platform/Developer/SDKs/iPhoneOS15.5.sdk/Library/Frameworks"
#include "..." search starts here:
#include <...> search starts here:
 /Users/alexandr_broslavsky/Desktop/c++/NewGame/MyGame/BuildMyGame/CMakeFiles/CMakeTmp/Debug (framework directory)
 /Applications/Xcode.app/Contents/Developer/Platforms/iPhoneOS.platform/Developer/SDKs/iPhoneOS15.5.sdk/usr/include/c++/v1
 /Applications/Xcode.app/Contents/Developer/Toolchains/XcodeDefault.xctoolchain/usr/lib/clang/13.1.6/include
 /Applications/Xcode.app/Contents/Developer/Platforms/iPhoneOS.platform/Developer/SDKs/iPhoneOS15.5.sdk/usr/include
 /Applications/Xcode.app/Contents/Developer/Toolchains/XcodeDefault.xctoolchain/usr/include
 /Applications/Xcode.app/Contents/Developer/Platforms/iPhoneOS.platform/Developer/SDKs/iPhoneOS15.5.sdk/System/Library/Frameworks (framework directory)
End of search list.

WriteAuxiliaryFile /Users/alexandr_broslavsky/Desktop/c++/NewGame/MyGame/BuildMyGame/CMakeFiles/CMakeTmp/CMAKE_TRY_COMPILE.build/Debug-iphoneos/cmTC_b2ad7.build/Objects-normal/arm64/cmTC_b2ad7.LinkFileList (in target 'cmTC_b2ad7' from project 'CMAKE_TRY_COMPILE')
    cd /Users/alexandr_broslavsky/Desktop/c++/NewGame/MyGame/BuildMyGame/CMakeFiles/CMakeTmp
    write-file /Users/alexandr_broslavsky/Desktop/c++/NewGame/MyGame/BuildMyGame/CMakeFiles/CMakeTmp/CMAKE_TRY_COMPILE.build/Debug-iphoneos/cmTC_b2ad7.build/Objects-normal/arm64/cmTC_b2ad7.LinkFileList

Libtool /Users/alexandr_broslavsky/Desktop/c++/NewGame/MyGame/BuildMyGame/CMakeFiles/CMakeTmp/Debug/libcmTC_b2ad7.a normal (in target 'cmTC_b2ad7' from project 'CMAKE_TRY_COMPILE')
    cd /Users/alexandr_broslavsky/Desktop/c++/NewGame/MyGame/BuildMyGame/CMakeFiles/CMakeTmp
    /Applications/Xcode.app/Contents/Developer/Toolchains/XcodeDefault.xctoolchain/usr/bin/libtool -static -arch_only arm64 -D -syslibroot /Applications/Xcode.app/Contents/Developer/Platforms/iPhoneOS.platform/Developer/SDKs/iPhoneOS15.5.sdk -L/Users/alexandr_broslavsky/Desktop/c++/NewGame/MyGame/BuildMyGame/CMakeFiles/CMakeTmp/Debug -filelist /Users/alexandr_broslavsky/Desktop/c++/NewGame/MyGame/BuildMyGame/CMakeFiles/CMakeTmp/CMAKE_TRY_COMPILE.build/Debug-iphoneos/cmTC_b2ad7.build/Objects-normal/arm64/cmTC_b2ad7.LinkFileList -dependency_info /Users/alexandr_broslavsky/Desktop/c++/NewGame/MyGame/BuildMyGame/CMakeFiles/CMakeTmp/CMAKE_TRY_COMPILE.build/Debug-iphoneos/cmTC_b2ad7.build/Objects-normal/arm64/cmTC_b2ad7_libtool_dependency_info.dat -o /Users/alexandr_broslavsky/Desktop/c++/NewGame/MyGame/BuildMyGame/CMakeFiles/CMakeTmp/Debug/libcmTC_b2ad7.a

** BUILD SUCCEEDED **




Parsed CXX implicit include dir info from above output: rv=done
  found start of include info
  found start of implicit include info
    add: [/Applications/Xcode.app/Contents/Developer/Platforms/iPhoneOS.platform/Developer/SDKs/iPhoneOS15.5.sdk/usr/include/c++/v1]
    add: [/Applications/Xcode.app/Contents/Developer/Toolchains/XcodeDefault.xctoolchain/usr/lib/clang/13.1.6/include]
    add: [/Applications/Xcode.app/Contents/Developer/Platforms/iPhoneOS.platform/Developer/SDKs/iPhoneOS15.5.sdk/usr/include]
    add: [/Applications/Xcode.app/Contents/Developer/Toolchains/XcodeDefault.xctoolchain/usr/include]
  end of search list found
  collapse include dir [/Applications/Xcode.app/Contents/Developer/Platforms/iPhoneOS.platform/Developer/SDKs/iPhoneOS15.5.sdk/usr/include/c++/v1] ==> [/Applications/Xcode.app/Contents/Developer/Platforms/iPhoneOS.platform/Developer/SDKs/iPhoneOS15.5.sdk/usr/include/c++/v1]
  collapse include dir [/Applications/Xcode.app/Contents/Developer/Toolchains/XcodeDefault.xctoolchain/usr/lib/clang/13.1.6/include] ==> [/Applications/Xcode.app/Contents/Developer/Toolchains/XcodeDefault.xctoolchain/usr/lib/clang/13.1.6/include]
  collapse include dir [/Applications/Xcode.app/Contents/Developer/Platforms/iPhoneOS.platform/Developer/SDKs/iPhoneOS15.5.sdk/usr/include] ==> [/Applications/Xcode.app/Contents/Developer/Platforms/iPhoneOS.platform/Developer/SDKs/iPhoneOS15.5.sdk/usr/include]
  collapse include dir [/Applications/Xcode.app/Contents/Developer/Toolchains/XcodeDefault.xctoolchain/usr/include] ==> [/Applications/Xcode.app/Contents/Developer/Toolchains/XcodeDefault.xctoolchain/usr/include]
  implicit include dirs: [/Applications/Xcode.app/Contents/Developer/Platforms/iPhoneOS.platform/Developer/SDKs/iPhoneOS15.5.sdk/usr/include/c++/v1;/Applications/Xcode.app/Contents/Developer/Toolchains/XcodeDefault.xctoolchain/usr/lib/clang/13.1.6/include;/Applications/Xcode.app/Contents/Developer/Platforms/iPhoneOS.platform/Developer/SDKs/iPhoneOS15.5.sdk/usr/include;/Applications/Xcode.app/Contents/Developer/Toolchains/XcodeDefault.xctoolchain/usr/include]


Parsed CXX implicit link information from above output:
  link line regex: [^( *|.*[/\])(ld|CMAKE_LINK_STARTFILE-NOTFOUND|([^/\]+-)?ld|collect2)[^/\]*( |$)]
  ignore line: [Change Dir: /Users/alexandr_broslavsky/Desktop/c++/NewGame/MyGame/BuildMyGame/CMakeFiles/CMakeTmp]
  ignore line: []
  ignore line: [Run Build Command(s):/usr/bin/xcodebuild -project CMAKE_TRY_COMPILE.xcodeproj build -target cmTC_b2ad7 -parallelizeTargets -configuration Debug -hideShellScriptEnvironment && 2022-07-08 23:55:50.715 xcodebuild[65582:1426872] Requested but did not find extension point with identifier Xcode.IDEKit.ExtensionSentinelHostApplications for extension Xcode.DebuggerFoundation.AppExtensionHosts.watchOS of plug-in com.apple.dt.IDEWatchSupportCore]
  ignore line: [2022-07-08 23:55:50.715 xcodebuild[65582:1426872] Requested but did not find extension point with identifier Xcode.IDEKit.ExtensionPointIdentifierToBundleIdentifier for extension Xcode.DebuggerFoundation.AppExtensionToBundleIdentifierMap.watchOS of plug-in com.apple.dt.IDEWatchSupportCore]
  ignore line: [Command line invocation:]
  ignore line: [    /Applications/Xcode.app/Contents/Developer/usr/bin/xcodebuild -project CMAKE_TRY_COMPILE.xcodeproj build -target cmTC_b2ad7 -parallelizeTargets -configuration Debug -hideShellScriptEnvironment]
  ignore line: []
  ignore line: [User defaults from command line:]
  ignore line: [    HideShellScriptEnvironment = YES]
  ignore line: [    IDEPackageSupportUseBuiltinSCM = YES]
  ignore line: []
  ignore line: [note: Using new build system]
  ignore line: [note: Planning]
  ignore line: [Analyze workspace]
  ignore line: []
  ignore line: [Create build description]
  ignore line: [Build description signature: e2ae755e4ffff14f5f34c44fc838e371]
  ignore line: [Build description path: /Users/alexandr_broslavsky/Desktop/c++/NewGame/MyGame/BuildMyGame/CMakeFiles/CMakeTmp/build/XCBuildData/e2ae755e4ffff14f5f34c44fc838e371-desc.xcbuild]
  ignore line: []
  ignore line: [note: Build preparation complete]
  ignore line: [note: Building targets in dependency order]
  ignore line: [CreateBuildDirectory /Users/alexandr_broslavsky/Desktop/c++/NewGame/MyGame/BuildMyGame/CMakeFiles/CMakeTmp]
  ignore line: [    cd /Users/alexandr_broslavsky/Desktop/c++/NewGame/MyGame/BuildMyGame/CMakeFiles/CMakeTmp/CMAKE_TRY_COMPILE.xcodeproj]
  ignore line: [    builtin-create-build-directory /Users/alexandr_broslavsky/Desktop/c++/NewGame/MyGame/BuildMyGame/CMakeFiles/CMakeTmp]
  ignore line: []
  ignore line: [CreateBuildDirectory /Users/alexandr_broslavsky/Desktop/c++/NewGame/MyGame/BuildMyGame/CMakeFiles/CMakeTmp/Debug]
  ignore line: [    cd /Users/alexandr_broslavsky/Desktop/c++/NewGame/MyGame/BuildMyGame/CMakeFiles/CMakeTmp/CMAKE_TRY_COMPILE.xcodeproj]
  ignore line: [    builtin-create-build-directory /Users/alexandr_broslavsky/Desktop/c++/NewGame/MyGame/BuildMyGame/CMakeFiles/CMakeTmp/Debug]
  ignore line: []
  ignore line: [CompileC /Users/alexandr_broslavsky/Desktop/c++/NewGame/MyGame/BuildMyGame/CMakeFiles/CMakeTmp/CMAKE_TRY_COMPILE.build/Debug-iphoneos/cmTC_b2ad7.build/Objects-normal/arm64/CMakeCXXCompilerABI.o /usr/local/Cellar/cmake/3.22.1/share/cmake/Modules/CMakeCXXCompilerABI.cpp normal arm64 c++ com.apple.compilers.llvm.clang.1_0.compiler (in target 'cmTC_b2ad7' from project 'CMAKE_TRY_COMPILE')]
  ignore line: [    cd /Users/alexandr_broslavsky/Desktop/c++/NewGame/MyGame/BuildMyGame/CMakeFiles/CMakeTmp]
  ignore line: [    /Applications/Xcode.app/Contents/Developer/Toolchains/XcodeDefault.xctoolchain/usr/bin/clang -x c++ -target arm64-apple-ios15.5 -fmessage-length\=0 -fdiagnostics-show-note-include-stack -fmacro-backtrace-limit\=0 -Wno-trigraphs -fpascal-strings -O0 -Wno-missing-field-initializers -Wno-missing-prototypes -Wno-return-type -Wno-non-virtual-dtor -Wno-overloaded-virtual -Wno-exit-time-destructors -Wno-missing-braces -Wparentheses -Wswitch -Wno-unused-function -Wno-unused-label -Wno-unused-parameter -Wno-unused-variable -Wunused-value -Wno-empty-body -Wno-uninitialized -Wno-unknown-pragmas -Wno-shadow -Wno-four-char-constants -Wno-conversion -Wno-constant-conversion -Wno-int-conversion -Wno-bool-conversion -Wno-enum-conversion -Wno-float-conversion -Wno-non-literal-null-conversion -Wno-objc-literal-conversion -Wshorten-64-to-32 -Wno-newline-eof -Wno-c++11-extensions -DCMAKE_INTDIR\=\"Debug-iphoneos\" -isysroot /Applications/Xcode.app/Contents/Developer/Platforms/iPhoneOS.platform/Developer/SDKs/iPhoneOS15.5.sdk -fstrict-aliasing -Wdeprecated-declarations -Winvalid-offsetof -g -Wno-sign-conversion -Wno-infinite-recursion -Wno-move -Wno-comma -Wno-block-capture-autoreleasing -Wno-strict-prototypes -Wno-range-loop-analysis -Wno-semicolon-before-method-body -fembed-bitcode-marker -I/Users/alexandr_broslavsky/Desktop/c++/NewGame/MyGame/BuildMyGame/CMakeFiles/CMakeTmp/Debug/include -I/Users/alexandr_broslavsky/Desktop/c++/NewGame/MyGame/BuildMyGame/CMakeFiles/CMakeTmp/CMAKE_TRY_COMPILE.build/Debug-iphoneos/cmTC_b2ad7.build/DerivedSources-normal/arm64 -I/Users/alexandr_broslavsky/Desktop/c++/NewGame/MyGame/BuildMyGame/CMakeFiles/CMakeTmp/CMAKE_TRY_COMPILE.build/Debug-iphoneos/cmTC_b2ad7.build/DerivedSources/arm64 -I/Users/alexandr_broslavsky/Desktop/c++/NewGame/MyGame/BuildMyGame/CMakeFiles/CMakeTmp/CMAKE_TRY_COMPILE.build/Debug-iphoneos/cmTC_b2ad7.build/DerivedSources -F/Users/alexandr_broslavsky/Desktop/c++/NewGame/MyGame/BuildMyGame/CMakeFiles/CMakeTmp/Debug -v -Wl -v -MMD -MT dependencies -MF /Users/alexandr_broslavsky/Desktop/c++/NewGame/MyGame/BuildMyGame/CMakeFiles/CMakeTmp/CMAKE_TRY_COMPILE.build/Debug-iphoneos/cmTC_b2ad7.build/Objects-normal/arm64/CMakeCXXCompilerABI.d --serialize-diagnostics /Users/alexandr_broslavsky/Desktop/c++/NewGame/MyGame/BuildMyGame/CMakeFiles/CMakeTmp/CMAKE_TRY_COMPILE.build/Debug-iphoneos/cmTC_b2ad7.build/Objects-normal/arm64/CMakeCXXCompilerABI.dia -c /usr/local/Cellar/cmake/3.22.1/share/cmake/Modules/CMakeCXXCompilerABI.cpp -o /Users/alexandr_broslavsky/Desktop/c++/NewGame/MyGame/BuildMyGame/CMakeFiles/CMakeTmp/CMAKE_TRY_COMPILE.build/Debug-iphoneos/cmTC_b2ad7.build/Objects-normal/arm64/CMakeCXXCompilerABI.o]
  ignore line: [Apple clang version 13.1.6 (clang-1316.0.21.2.5)]
  ignore line: [Target: arm64-apple-ios15.5]
  ignore line: [Thread model: posix]
  ignore line: [InstalledDir: /Applications/Xcode.app/Contents/Developer/Toolchains/XcodeDefault.xctoolchain/usr/bin]
  ignore line: [clang: warning: -Wl -v: 'linker' input unused [-Wunused-command-line-argument]]
  ignore line: [ "/Applications/Xcode.app/Contents/Developer/Toolchains/XcodeDefault.xctoolchain/usr/bin/clang" -cc1 -triple arm64-apple-ios15.5.0 -Wundef-prefix=TARGET_OS_ -Wdeprecated-objc-isa-usage -Werror=deprecated-objc-isa-usage -Werror=implicit-function-declaration -emit-obj --mrelax-relocations -fembed-bitcode=marker -fembed-bitcode=marker -disable-free -disable-llvm-verifier -discard-value-names -main-file-name CMakeCXXCompilerABI.cpp -mrelocation-model pic -pic-level 2 -mframe-pointer=non-leaf -fno-strict-return -fno-rounding-math -munwind-tables -target-sdk-version=15.5 -fvisibility-inlines-hidden-static-local-var -target-cpu apple-a7 -target-feature +fp-armv8 -target-feature +neon -target-feature +crypto -target-feature +zcm -target-feature +zcz -target-feature +sha2 -target-feature +aes -target-abi darwinpcs -fallow-half-arguments-and-returns -debug-info-kind=standalone -dwarf-version=4 -debugger-tuning=lldb -target-linker-version 763 -v -resource-dir /Applications/Xcode.app/Contents/Developer/Toolchains/XcodeDefault.xctoolchain/usr/lib/clang/13.1.6 -dependency-file /Users/alexandr_broslavsky/Desktop/c++/NewGame/MyGame/BuildMyGame/CMakeFiles/CMakeTmp/CMAKE_TRY_COMPILE.build/Debug-iphoneos/cmTC_b2ad7.build/Objects-normal/arm64/CMakeCXXCompilerABI.d -skip-unused-modulemap-deps -MT dependencies -isysroot /Applications/Xcode.app/Contents/Developer/Platforms/iPhoneOS.platform/Developer/SDKs/iPhoneOS15.5.sdk -D "CMAKE_INTDIR=\"Debug-iphoneos\"" -I /Users/alexandr_broslavsky/Desktop/c++/NewGame/MyGame/BuildMyGame/CMakeFiles/CMakeTmp/Debug/include -I /Users/alexandr_broslavsky/Desktop/c++/NewGame/MyGame/BuildMyGame/CMakeFiles/CMakeTmp/CMAKE_TRY_COMPILE.build/Debug-iphoneos/cmTC_b2ad7.build/DerivedSources-normal/arm64 -I /Users/alexandr_broslavsky/Desktop/c++/NewGame/MyGame/BuildMyGame/CMakeFiles/CMakeTmp/CMAKE_TRY_COMPILE.build/Debug-iphoneos/cmTC_b2ad7.build/DerivedSources/arm64 -I /Users/alexandr_broslavsky/Desktop/c++/NewGame/MyGame/BuildMyGame/CMakeFiles/CMakeTmp/CMAKE_TRY_COMPILE.build/Debug-iphoneos/cmTC_b2ad7.build/DerivedSources -F/Users/alexandr_broslavsky/Desktop/c++/NewGame/MyGame/BuildMyGame/CMakeFiles/CMakeTmp/Debug -stdlib=libc++ -internal-isystem /Applications/Xcode.app/Contents/Developer/Platforms/iPhoneOS.platform/Developer/SDKs/iPhoneOS15.5.sdk/usr/include/c++/v1 -internal-isystem /Applications/Xcode.app/Contents/Developer/Platforms/iPhoneOS.platform/Developer/SDKs/iPhoneOS15.5.sdk/usr/local/include -internal-isystem /Applications/Xcode.app/Contents/Developer/Toolchains/XcodeDefault.xctoolchain/usr/lib/clang/13.1.6/include -internal-externc-isystem /Applications/Xcode.app/Contents/Developer/Platforms/iPhoneOS.platform/Developer/SDKs/iPhoneOS15.5.sdk/usr/include -internal-externc-isystem /Applications/Xcode.app/Contents/Developer/Toolchains/XcodeDefault.xctoolchain/usr/include -O0 -Wno-trigraphs -Wno-missing-field-initializers -Wno-missing-prototypes -Wno-return-type -Wno-non-virtual-dtor -Wno-overloaded-virtual -Wno-exit-time-destructors -Wno-missing-braces -Wparentheses -Wswitch -Wno-unused-function -Wno-unused-label -Wno-unused-parameter -Wno-unused-variable -Wunused-value -Wno-empty-body -Wno-uninitialized -Wno-unknown-pragmas -Wno-shadow -Wno-four-char-constants -Wno-conversion -Wno-constant-conversion -Wno-int-conversion -Wno-bool-conversion -Wno-enum-conversion -Wno-float-conversion -Wno-non-literal-null-conversion -Wno-objc-literal-conversion -Wshorten-64-to-32 -Wno-newline-eof -Wno-c++11-extensions -Wdeprecated-declarations -Winvalid-offsetof -Wno-sign-conversion -Wno-infinite-recursion -Wno-move -Wno-comma -Wno-block-capture-autoreleasing -Wno-strict-prototypes -Wno-range-loop-analysis -Wno-semicolon-before-method-body -Wno-reorder-init-list -Wno-implicit-int-float-conversion -Wno-c99-designator -Wno-final-dtor-non-final-class -Wno-extra-semi-stmt -Wno-misleading-indentation -Wno-quoted-include-in-framework-header -Wno-implicit-fallthrough -Wno-enum-enum-conversion -Wno-enum-float-conversion -Wno-elaborated-enum-base -Wno-reserved-identifier -Wno-gnu-folding-constant -Wno-objc-load-method -fdeprecated-macro -fdebug-compilation-dir=/Users/alexandr_broslavsky/Desktop/c++/NewGame/MyGame/BuildMyGame/CMakeFiles/CMakeTmp -ferror-limit 19 -fmacro-backtrace-limit 0 -stack-protector 1 -fstack-check -mdarwin-stkchk-strong-link -fblocks -fencode-extended-block-signature -fregister-global-dtors-with-atexit -fgnuc-version=4.2.1 -fno-cxx-modules -fcxx-exceptions -fexceptions -fpascal-strings -fmax-type-align=16 -fcommon -fdiagnostics-show-note-include-stack -serialize-diagnostic-file /Users/alexandr_broslavsky/Desktop/c++/NewGame/MyGame/BuildMyGame/CMakeFiles/CMakeTmp/CMAKE_TRY_COMPILE.build/Debug-iphoneos/cmTC_b2ad7.build/Objects-normal/arm64/CMakeCXXCompilerABI.dia -clang-vendor-feature=+messageToSelfInClassMethodIdReturnType -clang-vendor-feature=+disableInferNewAvailabilityFromInit -clang-vendor-feature=+disableNonDependentMemberExprInCurrentInstantiation -fno-odr-hash-protocols -clang-vendor-feature=+enableAggressiveVLAFolding -clang-vendor-feature=+revert09abecef7bbf -clang-vendor-feature=+thisNoAlignAttr -clang-vendor-feature=+thisNoNullAttr -D__GCC_HAVE_DWARF2_CFI_ASM=1 -o /Users/alexandr_broslavsky/Desktop/c++/NewGame/MyGame/BuildMyGame/CMakeFiles/CMakeTmp/CMAKE_TRY_COMPILE.build/Debug-iphoneos/cmTC_b2ad7.build/Objects-normal/arm64/CMakeCXXCompilerABI.o -x c++ /usr/local/Cellar/cmake/3.22.1/share/cmake/Modules/CMakeCXXCompilerABI.cpp]
  ignore line: [clang -cc1 version 13.1.6 (clang-1316.0.21.2.5) default target x86_64-apple-darwin21.2.0]
  ignore line: [ignoring nonexistent directory "/Users/alexandr_broslavsky/Desktop/c++/NewGame/MyGame/BuildMyGame/CMakeFiles/CMakeTmp/Debug/include"]
  ignore line: [ignoring nonexistent directory "/Users/alexandr_broslavsky/Desktop/c++/NewGame/MyGame/BuildMyGame/CMakeFiles/CMakeTmp/CMAKE_TRY_COMPILE.build/Debug-iphoneos/cmTC_b2ad7.build/DerivedSources-normal/arm64"]
  ignore line: [ignoring nonexistent directory "/Users/alexandr_broslavsky/Desktop/c++/NewGame/MyGame/BuildMyGame/CMakeFiles/CMakeTmp/CMAKE_TRY_COMPILE.build/Debug-iphoneos/cmTC_b2ad7.build/DerivedSources/arm64"]
  ignore line: [ignoring nonexistent directory "/Users/alexandr_broslavsky/Desktop/c++/NewGame/MyGame/BuildMyGame/CMakeFiles/CMakeTmp/CMAKE_TRY_COMPILE.build/Debug-iphoneos/cmTC_b2ad7.build/DerivedSources"]
  ignore line: [ignoring nonexistent directory "/Applications/Xcode.app/Contents/Developer/Platforms/iPhoneOS.platform/Developer/SDKs/iPhoneOS15.5.sdk/usr/local/include"]
  ignore line: [ignoring nonexistent directory "/Applications/Xcode.app/Contents/Developer/Platforms/iPhoneOS.platform/Developer/SDKs/iPhoneOS15.5.sdk/Library/Frameworks"]
  ignore line: [#include "..." search starts here:]
  ignore line: [#include <...> search starts here:]
  ignore line: [ /Users/alexandr_broslavsky/Desktop/c++/NewGame/MyGame/BuildMyGame/CMakeFiles/CMakeTmp/Debug (framework directory)]
  ignore line: [ /Applications/Xcode.app/Contents/Developer/Platforms/iPhoneOS.platform/Developer/SDKs/iPhoneOS15.5.sdk/usr/include/c++/v1]
  ignore line: [ /Applications/Xcode.app/Contents/Developer/Toolchains/XcodeDefault.xctoolchain/usr/lib/clang/13.1.6/include]
  ignore line: [ /Applications/Xcode.app/Contents/Developer/Platforms/iPhoneOS.platform/Developer/SDKs/iPhoneOS15.5.sdk/usr/include]
  ignore line: [ /Applications/Xcode.app/Contents/Developer/Toolchains/XcodeDefault.xctoolchain/usr/include]
  ignore line: [ /Applications/Xcode.app/Contents/Developer/Platforms/iPhoneOS.platform/Developer/SDKs/iPhoneOS15.5.sdk/System/Library/Frameworks (framework directory)]
  ignore line: [End of search list.]
  ignore line: []
  ignore line: [WriteAuxiliaryFile /Users/alexandr_broslavsky/Desktop/c++/NewGame/MyGame/BuildMyGame/CMakeFiles/CMakeTmp/CMAKE_TRY_COMPILE.build/Debug-iphoneos/cmTC_b2ad7.build/Objects-normal/arm64/cmTC_b2ad7.LinkFileList (in target 'cmTC_b2ad7' from project 'CMAKE_TRY_COMPILE')]
  ignore line: [    cd /Users/alexandr_broslavsky/Desktop/c++/NewGame/MyGame/BuildMyGame/CMakeFiles/CMakeTmp]
  ignore line: [    write-file /Users/alexandr_broslavsky/Desktop/c++/NewGame/MyGame/BuildMyGame/CMakeFiles/CMakeTmp/CMAKE_TRY_COMPILE.build/Debug-iphoneos/cmTC_b2ad7.build/Objects-normal/arm64/cmTC_b2ad7.LinkFileList]
  ignore line: []
  ignore line: [Libtool /Users/alexandr_broslavsky/Desktop/c++/NewGame/MyGame/BuildMyGame/CMakeFiles/CMakeTmp/Debug/libcmTC_b2ad7.a normal (in target 'cmTC_b2ad7' from project 'CMAKE_TRY_COMPILE')]
  ignore line: [    cd /Users/alexandr_broslavsky/Desktop/c++/NewGame/MyGame/BuildMyGame/CMakeFiles/CMakeTmp]
  ignore line: [    /Applications/Xcode.app/Contents/Developer/Toolchains/XcodeDefault.xctoolchain/usr/bin/libtool -static -arch_only arm64 -D -syslibroot /Applications/Xcode.app/Contents/Developer/Platforms/iPhoneOS.platform/Developer/SDKs/iPhoneOS15.5.sdk -L/Users/alexandr_broslavsky/Desktop/c++/NewGame/MyGame/BuildMyGame/CMakeFiles/CMakeTmp/Debug -filelist /Users/alexandr_broslavsky/Desktop/c++/NewGame/MyGame/BuildMyGame/CMakeFiles/CMakeTmp/CMAKE_TRY_COMPILE.build/Debug-iphoneos/cmTC_b2ad7.build/Objects-normal/arm64/cmTC_b2ad7.LinkFileList -dependency_info /Users/alexandr_broslavsky/Desktop/c++/NewGame/MyGame/BuildMyGame/CMakeFiles/CMakeTmp/CMAKE_TRY_COMPILE.build/Debug-iphoneos/cmTC_b2ad7.build/Objects-normal/arm64/cmTC_b2ad7_libtool_dependency_info.dat -o /Users/alexandr_broslavsky/Desktop/c++/NewGame/MyGame/BuildMyGame/CMakeFiles/CMakeTmp/Debug/libcmTC_b2ad7.a]
  ignore line: []
  ignore line: [** BUILD SUCCEEDED **]
  ignore line: []
  ignore line: []
  ignore line: []
  implicit libs: []
  implicit objs: []
  implicit dirs: []
  implicit fwks: []


